<html xmlns:lxslt="http://xml.apache.org/xslt" xmlns:stringutils="xalan://org.apache.tools.ant.util.StringUtils">
<head>
<META http-equiv="Content-Type" content="text/html; charset=US-ASCII">
<title>Unit Test Results: comcast.test.testSuite.runATFRegression</title>
<link rel="stylesheet" type="text/css" title="Style" href="../../../stylesheet.css">
<script type="text/javascript" language="JavaScript">
        var TestCases = new Array();
        var cur;
        
    cur = TestCases['comcast.test.testSuite.runATFRegression'] = new Array();
    
        cur['ant.core.lib'] = 'C:\\Program Files\\apache-ant-1.7.0\\lib\\ant.jar';
    
        cur['ant.file'] = 'G:\\ComcastNewFW\\build.xml';
    
        cur['ant.file.Selenium_Web_Driver'] = 'G:\\ComcastNewFW\\build.xml';
    
        cur['ant.home'] = 'C:\\Program Files\\apache-ant-1.7.0';
    
        cur['ant.java.version'] = '1.6';
    
        cur['ant.library.dir'] = 'C:\\Program Files\\apache-ant-1.7.0\\lib';
    
        cur['ant.project.name'] = 'Selenium_Web_Driver';
    
        cur['ant.version'] = 'Apache Ant version 1.7.0 compiled on December 13 2006';
    
        cur['awt.toolkit'] = 'sun.awt.windows.WToolkit';
    
        cur['basedir'] = 'G:\\ComcastNewFW';
    
        cur['debuglevel'] = 'source,lines,vars';
    
        cur['env._JAVACMD'] = 'C:\\Program Files\\Java\\jdk1.7.0_05\\bin\\java.exe';
    
        cur['env._USE_CLASSPATH'] = 'no';
    
        cur['env.ALLUSERSPROFILE'] = 'C:\\ProgramData';
    
        cur['env.ANT_CMD_LINE_ARGS'] = 'runATFRegressionTC';
    
        cur['env.ANT_HOME'] = 'C:\\Program Files\\apache-ant-1.7.0';
    
        cur['env.APPDATA'] = 'C:\\Users\\Anjum.Jamadar\\AppData\\Roaming';
    
        cur['env.CATALINA_HOME'] = 'C:\\Program Files (x86)\\Apache Software Foundation\\apache-tomcat-7.0.37';
    
        cur['env.CommonProgramFiles'] = 'C:\\Program Files\\Common Files';
    
        cur['env.CommonProgramFiles(x86)'] = 'C:\\Program Files (x86)\\Common Files';
    
        cur['env.CommonProgramW6432'] = 'C:\\Program Files\\Common Files';
    
        cur['env.COMPUTERNAME'] = 'BLRWKS0043';
    
        cur['env.ComSpec'] = 'C:\\Windows\\system32\\cmd.exe';
    
        cur['env.FP_NO_HOST_CHECK'] = 'NO';
    
        cur['env.HOMEDRIVE'] = 'C:';
    
        cur['env.HOMEPATH'] = '\\Users\\Anjum.Jamadar';
    
        cur['env.JAVA_HOME'] = 'C:\\Program Files\\Java\\jdk1.7.0_05';
    
        cur['env.LOCALAPPDATA'] = 'C:\\Users\\Anjum.Jamadar\\AppData\\Local';
    
        cur['env.LOGONSERVER'] = '\\\\INBLR-AD03';
    
        cur['env.NUMBER_OF_PROCESSORS'] = '2';
    
        cur['env.OS'] = 'Windows_NT';
    
        cur['env.Path'] = 'C:\\Program Files\\Common Files\\Microsoft Shared\\Microsoft Online Services;C:\\Program Files\\Java\\jdk1.7.0_05\\bin;C:\\Program Files (x86)\\Common Files\\Microsoft Shared\\Microsoft Online Services;C:\\Windows\\system32;C:\\Windows;C:\\Windows\\System32\\Wbem;C:\\Windows\\System32\\WindowsPowerShell\\v1.0\\;C:\\Program Files\\apache-ant-1.7.0\\bin;C:\\Program Files (x86)\\ZipGenius 6\\;C:\\Program Files\\TortoiseSVN\\bin;C:\\Program Files (x86)\\Apache Software Foundation\\apache-tomcat-7.0.37\\bin;C:\\Ruby200-x64\\bin;C:\\Users\\valtechsa\\AppData\\Local\\Google\\Chrome\\Application\\chrome.exe;C:\\RailsInstaller\\Git\\cmd;C:\\RailsInstaller\\Ruby1.9.3\\bin;C:\\Ruby200-x64\\bin';
    
        cur['env.PATHEXT'] = '.COM;.EXE;.BAT;.CMD;.VBS;.VBE;.JS;.JSE;.WSF;.WSH;.MSC;.RB;.RBW';
    
        cur['env.PROCESSOR_ARCHITECTURE'] = 'AMD64';
    
        cur['env.PROCESSOR_IDENTIFIER'] = 'Intel64 Family 6 Model 15 Stepping 13, GenuineIntel';
    
        cur['env.PROCESSOR_LEVEL'] = '6';
    
        cur['env.PROCESSOR_REVISION'] = '0f0d';
    
        cur['env.ProgramData'] = 'C:\\ProgramData';
    
        cur['env.ProgramFiles'] = 'C:\\Program Files';
    
        cur['env.ProgramFiles(x86)'] = 'C:\\Program Files (x86)';
    
        cur['env.ProgramW6432'] = 'C:\\Program Files';
    
        cur['env.PROMPT'] = '$P$G';
    
        cur['env.PSModulePath'] = 'C:\\Windows\\system32\\WindowsPowerShell\\v1.0\\Modules\\';
    
        cur['env.PUBLIC'] = 'C:\\Users\\Public';
    
        cur['env.RUBY_HOME'] = 'C:\\Ruby200-x64\\bin';
    
        cur['env.SESSIONNAME'] = 'Console';
    
        cur['env.SystemDrive'] = 'C:';
    
        cur['env.SystemRoot'] = 'C:\\Windows';
    
        cur['env.TEMP'] = 'C:\\Users\\ANJUM~1.JAM\\AppData\\Local\\Temp';
    
        cur['env.TMP'] = 'C:\\Users\\ANJUM~1.JAM\\AppData\\Local\\Temp';
    
        cur['env.USERDNSDOMAIN'] = 'IN.VALTECH.COM';
    
        cur['env.USERDOMAIN'] = 'IN';
    
        cur['env.USERNAME'] = 'anjum.jamadar';
    
        cur['env.USERPROFILE'] = 'C:\\Users\\Anjum.Jamadar';
    
        cur['env.webdriver.chrome.driver'] = 'C:\\Users\\valtechsa\\AppData\\Local\\Google\\Chrome\\Application\\chrome.exe';
    
        cur['env.windir'] = 'C:\\Windows';
    
        cur['env.windows_tracing_flags'] = '3';
    
        cur['env.windows_tracing_logfile'] = 'C:\\BVTBin\\Tests\\installpackage\\csilogfile.log';
    
        cur['file.encoding'] = 'Cp1252';
    
        cur['file.encoding.pkg'] = 'sun.io';
    
        cur['file.separator'] = '\\';
    
        cur['java.awt.graphicsenv'] = 'sun.awt.Win32GraphicsEnvironment';
    
        cur['java.awt.printerjob'] = 'sun.awt.windows.WPrinterJob';
    
        cur['java.class.path'] = 'G:\\ComcastNewFW\\bin;G:\\ComcastNewFW\\lib\\selenium-server-standalone-2.32.0.jar;C:\\Program Files\\apache-ant-1.7.0\\lib\\ant-launcher.jar;C:\\Program Files\\apache-ant-1.7.0\\lib\\ant.jar;C:\\Program Files\\apache-ant-1.7.0\\lib\\ant-junit.jar';
    
        cur['java.class.version'] = '51.0';
    
        cur['java.endorsed.dirs'] = 'C:\\Program Files\\Java\\jdk1.7.0_05\\jre\\lib\\endorsed';
    
        cur['java.ext.dirs'] = 'C:\\Program Files\\Java\\jdk1.7.0_05\\jre\\lib\\ext;C:\\Windows\\Sun\\Java\\lib\\ext';
    
        cur['java.home'] = 'C:\\Program Files\\Java\\jdk1.7.0_05\\jre';
    
        cur['java.io.tmpdir'] = 'C:\\Users\\ANJUM~1.JAM\\AppData\\Local\\Temp\\';
    
        cur['java.library.path'] = 'C:\\Program Files\\Java\\jdk1.7.0_05\\jre\\bin;C:\\Windows\\Sun\\Java\\bin;C:\\Windows\\system32;C:\\Windows;C:\\Program Files\\Common Files\\Microsoft Shared\\Microsoft Online Services;C:\\Program Files\\Java\\jdk1.7.0_05\\bin;C:\\Program Files (x86)\\Common Files\\Microsoft Shared\\Microsoft Online Services;C:\\Windows\\system32;C:\\Windows;C:\\Windows\\System32\\Wbem;C:\\Windows\\System32\\WindowsPowerShell\\v1.0\\;C:\\Program Files\\apache-ant-1.7.0\\bin;C:\\Program Files (x86)\\ZipGenius 6\\;C:\\Program Files\\TortoiseSVN\\bin;C:\\Program Files (x86)\\Apache Software Foundation\\apache-tomcat-7.0.37\\bin;C:\\Ruby200-x64\\bin;C:\\Users\\valtechsa\\AppData\\Local\\Google\\Chrome\\Application\\chrome.exe;C:\\RailsInstaller\\Git\\cmd;C:\\RailsInstaller\\Ruby1.9.3\\bin;C:\\Ruby200-x64\\bin;.';
    
        cur['java.runtime.name'] = 'Java(TM) SE Runtime Environment';
    
        cur['java.runtime.version'] = '1.7.0_05-b05';
    
        cur['java.specification.name'] = 'Java Platform API Specification';
    
        cur['java.specification.vendor'] = 'Oracle Corporation';
    
        cur['java.specification.version'] = '1.7';
    
        cur['java.vendor'] = 'Oracle Corporation';
    
        cur['java.vendor.url'] = 'http://java.oracle.com/';
    
        cur['java.vendor.url.bug'] = 'http://bugreport.sun.com/bugreport/';
    
        cur['java.version'] = '1.7.0_05';
    
        cur['java.vm.info'] = 'mixed mode';
    
        cur['java.vm.name'] = 'Java HotSpot(TM) 64-Bit Server VM';
    
        cur['java.vm.specification.name'] = 'Java Virtual Machine Specification';
    
        cur['java.vm.specification.vendor'] = 'Oracle Corporation';
    
        cur['java.vm.specification.version'] = '1.7';
    
        cur['java.vm.vendor'] = 'Oracle Corporation';
    
        cur['java.vm.version'] = '23.1-b03';
    
        cur['junit.output.dir'] = 'junit';
    
        cur['line.separator'] = ' ';
    
        cur['os.arch'] = 'amd64';
    
        cur['os.name'] = 'Windows 7';
    
        cur['os.version'] = '6.1';
    
        cur['path.separator'] = ';';
    
        cur['source'] = '1.6';
    
        cur['sun.arch.data.model'] = '64';
    
        cur['sun.boot.class.path'] = 'C:\\Program Files\\Java\\jdk1.7.0_05\\jre\\lib\\resources.jar;C:\\Program Files\\Java\\jdk1.7.0_05\\jre\\lib\\rt.jar;C:\\Program Files\\Java\\jdk1.7.0_05\\jre\\lib\\sunrsasign.jar;C:\\Program Files\\Java\\jdk1.7.0_05\\jre\\lib\\jsse.jar;C:\\Program Files\\Java\\jdk1.7.0_05\\jre\\lib\\jce.jar;C:\\Program Files\\Java\\jdk1.7.0_05\\jre\\lib\\charsets.jar;C:\\Program Files\\Java\\jdk1.7.0_05\\jre\\lib\\jfr.jar;C:\\Program Files\\Java\\jdk1.7.0_05\\jre\\classes';
    
        cur['sun.boot.library.path'] = 'C:\\Program Files\\Java\\jdk1.7.0_05\\jre\\bin';
    
        cur['sun.cpu.endian'] = 'little';
    
        cur['sun.cpu.isalist'] = 'amd64';
    
        cur['sun.desktop'] = 'windows';
    
        cur['sun.io.unicode.encoding'] = 'UnicodeLittle';
    
        cur['sun.java.command'] = 'org.apache.tools.ant.taskdefs.optional.junit.JUnitTestRunner comcast.test.testSuite.runATFRegression filtertrace=true haltOnError=false haltOnFailure=false formatter=org.apache.tools.ant.taskdefs.optional.junit.OutErrSummaryJUnitResultFormatter showoutput=false outputtoformatters=true logtestlistenerevents=true formatter=org.apache.tools.ant.taskdefs.optional.junit.XMLJUnitResultFormatter,G:\\ComcastNewFW\\junit\\TEST-comcast.test.testSuite.runATFRegression.xml crashfile=G:\\ComcastNewFW\\junitvmwatcher664031024.properties propsfile=G:\\ComcastNewFW\\junit1460079427.properties';
    
        cur['sun.java.launcher'] = 'SUN_STANDARD';
    
        cur['sun.jnu.encoding'] = 'Cp1252';
    
        cur['sun.management.compiler'] = 'HotSpot 64-Bit Tiered Compilers';
    
        cur['sun.os.patch.level'] = 'Service Pack 1';
    
        cur['target'] = '1.6';
    
        cur['user.country'] = 'US';
    
        cur['user.dir'] = 'G:\\ComcastNewFW';
    
        cur['user.home'] = 'C:\\Users\\Anjum.Jamadar';
    
        cur['user.language'] = 'en';
    
        cur['user.name'] = 'anjum.jamadar';
    
        cur['user.script'] = '';
    
        cur['user.timezone'] = '';
    
        cur['user.variant'] = '';
    </script><script type="text/javascript" language="JavaScript">
        function displayProperties (name) {
          var win = window.open('','JUnitSystemProperties','scrollbars=1,resizable=1');
          var doc = win.document;
          doc.open();
          doc.write("<html><head><title>Properties of " + name + "</title>");
          doc.write("<style type=\"text/css\">");
          doc.write("body {font:normal 68% verdana,arial,helvetica; color:#000000; }");
          doc.write("table tr td, table tr th { font-size: 68%; }");
          doc.write("table.properties { border-collapse:collapse; border-left:solid 1 #cccccc; border-top:solid 1 #cccccc; padding:5px; }");
          doc.write("table.properties th { text-align:left; border-right:solid 1 #cccccc; border-bottom:solid 1 #cccccc; background-color:#eeeeee; }");
          doc.write("table.properties td { font:normal; text-align:left; border-right:solid 1 #cccccc; border-bottom:solid 1 #cccccc; background-color:#fffffff; }");
          doc.write("h3 { margin-bottom: 0.5em; font: bold 115% verdana,arial,helvetica }");
          doc.write("</style>");
          doc.write("</head><body>");
          doc.write("<h3>Properties of " + name + "</h3>");
          doc.write("<div align=\"right\"><a href=\"javascript:window.close();\">Close</a></div>");
          doc.write("<table class='properties'>");
          doc.write("<tr><th>Name</th><th>Value</th></tr>");
          for (prop in TestCases[name]) {
            doc.write("<tr><th>" + prop + "</th><td>" + TestCases[name][prop] + "</td></tr>");
          }
          doc.write("</table>");
          doc.write("</body></html>");
          doc.close();
          win.focus();
        }
      
      </script>
</head>
<body>
<h1>Unit Test Results</h1>
<table width="100%">
<tr>
<td align="left"></td><td align="right">Designed for use with <a href="http://www.junit.org/">JUnit</a> and <a href="http://ant.apache.org/">Ant</a>.</td>
</tr>
</table>
<hr size="1">
<h3>Class comcast.test.testSuite.runATFRegression</h3>
<table class="details" border="0" cellpadding="5" cellspacing="2" width="95%">
<tr valign="top">
<th width="80%">Name</th><th>Tests</th><th>Errors</th><th>Failures</th><th nowrap>Time(s)</th><th nowrap>Time Stamp</th><th>Host</th>
</tr>
<tr valign="top" class="Error">
<td><a title="Display all tests" href="0_runATFRegression.html">runATFRegression</a></td><td><a title="Display all tests" href="0_runATFRegression.html">83</a></td><td><a title="Display only errors" href="0_runATFRegression-errors.html">6</a></td><td><a title="Display only failures" href="0_runATFRegression-fails.html">18</a></td><td>5612.250</td><td>2013-07-09T15:02:51</td><td>blrwks0043</td>
</tr>
</table>
<h2>Tests</h2>
<table class="details" border="0" cellpadding="5" cellspacing="2" width="95%">
<tr valign="top">
<th>Name</th><th>Status</th><th width="80%">Type</th><th nowrap>Time(s)</th>
</tr>
<tr valign="top" class="TableRowColor">
<td><a name="testRegistrationToXidioApplicationByClickingActivation"></a>testRegistrationToXidioApplicationByClickingActivation</td><td>Success</td><td></td><td>75.820</td>
</tr>
<tr valign="top" class="TableRowColor">
<td><a name="testRegisterToXidioApplicationUsingValidCredentials"></a>testRegisterToXidioApplicationUsingValidCredentials</td><td>Success</td><td></td><td>74.716</td>
</tr>
<tr valign="top" class="TableRowColor">
<td><a name="testRegistrationToXidioApplicationBySkipingPaymentStepAndActivationStep"></a>testRegistrationToXidioApplicationBySkipingPaymentStepAndActivationStep</td><td>Success</td><td></td><td>77.295</td>
</tr>
<tr valign="top" class="TableRowColor">
<td><a name="testRegistrationToXidioApplicationWithValidCredentialByDeclingTermAndCondition"></a>testRegistrationToXidioApplicationWithValidCredentialByDeclingTermAndCondition</td><td>Success</td><td></td><td>101.643</td>
</tr>
<tr valign="top" class="TableRowColor">
<td><a name="testRegisterToXidioApplicationDirectlyWithPaymentDetailsWithoutPersonalInfo"></a>testRegisterToXidioApplicationDirectlyWithPaymentDetailsWithoutPersonalInfo</td><td>Success</td><td></td><td>26.266</td>
</tr>
<tr valign="top" class="TableRowColor">
<td><a name="testRegisterToXidioApplicationWithoutEnteringFirstName"></a>testRegisterToXidioApplicationWithoutEnteringFirstName</td><td>Success</td><td></td><td>37.699</td>
</tr>
<tr valign="top" class="TableRowColor">
<td><a name="testRegisterToXidioApplicationWithoutEnteringLastName"></a>testRegisterToXidioApplicationWithoutEnteringLastName</td><td>Success</td><td></td><td>22.299</td>
</tr>
<tr valign="top" class="TableRowColor">
<td><a name="testRegisterToXidioApplicationWithoutEnteringAddress"></a>testRegisterToXidioApplicationWithoutEnteringAddress</td><td>Success</td><td></td><td>20.145</td>
</tr>
<tr valign="top" class="TableRowColor">
<td><a name="testRegisterToXidioApplicationWithoutEnteringCity"></a>testRegisterToXidioApplicationWithoutEnteringCity</td><td>Success</td><td></td><td>25.630</td>
</tr>
<tr valign="top" class="TableRowColor">
<td><a name="testRegisterToXidioApplicationWithoutEnteringZip"></a>testRegisterToXidioApplicationWithoutEnteringZip</td><td>Success</td><td></td><td>21.002</td>
</tr>
<tr valign="top" class="TableRowColor">
<td><a name="testRegisterToXidioApplicationWithoutEnteringEmail"></a>testRegisterToXidioApplicationWithoutEnteringEmail</td><td>Success</td><td></td><td>38.866</td>
</tr>
<tr valign="top" class="TableRowColor">
<td><a name="testRegisterToXidioApplicationByEnteringInValidEmail"></a>testRegisterToXidioApplicationByEnteringInValidEmail</td><td>Success</td><td></td><td>25.176</td>
</tr>
<tr valign="top" class="TableRowColor">
<td><a name="testRegisterToXidioApplicationByEnteringInValidZip"></a>testRegisterToXidioApplicationByEnteringInValidZip</td><td>Success</td><td></td><td>25.982</td>
</tr>
<tr valign="top" class="TableRowColor">
<td><a name="testRegisterToXidioApplicationByEnteringInValidZipLength"></a>testRegisterToXidioApplicationByEnteringInValidZipLength</td><td>Success</td><td></td><td>27.421</td>
</tr>
<tr valign="top" class="TableRowColor">
<td><a name="testRegisterToXidioApplicationWithoutEnteringMobileNumber"></a>testRegisterToXidioApplicationWithoutEnteringMobileNumber</td><td>Success</td><td></td><td>21.934</td>
</tr>
<tr valign="top" class="TableRowColor">
<td><a name="testRegisterToXidioApplicationByEnteringInValidMobileNumber"></a>testRegisterToXidioApplicationByEnteringInValidMobileNumber</td><td>Success</td><td></td><td>26.873</td>
</tr>
<tr valign="top" class="TableRowColor">
<td><a name="testRegisterToXidioApplicationWithoutEnteringPassword"></a>testRegisterToXidioApplicationWithoutEnteringPassword</td><td>Success</td><td></td><td>26.359</td>
</tr>
<tr valign="top" class="TableRowColor">
<td><a name="testRegisterToXidioApplicationByEnteringNonCapitalLetterPassword"></a>testRegisterToXidioApplicationByEnteringNonCapitalLetterPassword</td><td>Success</td><td></td><td>23.749</td>
</tr>
<tr valign="top" class="TableRowColor">
<td><a name="testRegisterToXidioApplicationByEnteringInValidPassword"></a>testRegisterToXidioApplicationByEnteringInValidPassword</td><td>Success</td><td></td><td>28.558</td>
</tr>
<tr valign="top" class="TableRowColor">
<td><a name="testRegisterToXidioApplicationByEnteringInValidLengthOfPassword"></a>testRegisterToXidioApplicationByEnteringInValidLengthOfPassword</td><td>Success</td><td></td><td>22.124</td>
</tr>
<tr valign="top" class="TableRowColor">
<td><a name="testRegisterToXidioApplicationWithNoCreditCardNumber"></a>testRegisterToXidioApplicationWithNoCreditCardNumber</td><td>Success</td><td></td><td>70.326</td>
</tr>
<tr valign="top" class="TableRowColor">
<td><a name="testRegisterToXidioApplicationWithInvalidCreditCardNumber"></a>testRegisterToXidioApplicationWithInvalidCreditCardNumber</td><td>Success</td><td></td><td>46.921</td>
</tr>
<tr valign="top" class="Failure">
<td><a name="testRegisterToXidioApplicationWithNoSecurityCode"></a>testRegisterToXidioApplicationWithNoSecurityCode</td><td>Failure</td><td>N/A<br>
<br>
<code>junit.framework.AssertionFailedError<br/>	at comcast.test.app.testCases.userManagement.userRegistration.UserRegistrationTestCasesForCreditCardDetails.UserRegWithNoSecurityCode.RegisterToXidioApplicationWithNoSecurityCode.testRegisterToXidioApplicationWithNoSecurityCode(RegisterToXidioApplicationWithNoSecurityCode.java:47)<br/></code></td><td>56.307</td>
</tr>
<tr valign="top" class="TableRowColor">
<td><a name="testRegisterToXidioApplicationWithNoPincode"></a>testRegisterToXidioApplicationWithNoPincode</td><td>Success</td><td></td><td>46.967</td>
</tr>
<tr valign="top" class="Failure">
<td><a name="testRegisterToXidioApplicationWithInvalidPinCodeCharLength"></a>testRegisterToXidioApplicationWithInvalidPinCodeCharLength</td><td>Failure</td><td>N/A<br>
<br>
<code>junit.framework.AssertionFailedError<br/>	at comcast.test.app.testCases.userManagement.userRegistration.UserRegistrationTestCasesForCreditCardDetails.UserRegWithInvalidPin.UserRegWithInvalidPinCodeCharLength.RegisterToXidioApplicationWithInvalidPinCodeCharLength.testRegisterToXidioApplicationWithInvalidPinCodeCharLength(RegisterToXidioApplicationWithInvalidPinCodeCharLength.java:49)<br/></code></td><td>56.399</td>
</tr>
<tr valign="top" class="TableRowColor">
<td><a name="testRegisterToXidioApplicationWithCheckingDiplayPinCheckbox"></a>testRegisterToXidioApplicationWithCheckingDiplayPinCheckbox</td><td>Success</td><td></td><td>54.387</td>
</tr>
<tr valign="top" class="TableRowColor">
<td><a name="testRegisterToXidioApplicationWithCheckingDisplayPasswordCheckbox"></a>testRegisterToXidioApplicationWithCheckingDisplayPasswordCheckbox</td><td>Success</td><td></td><td>64.854</td>
</tr>
<tr valign="top" class="TableRowColor">
<td><a name="testRegisterUserWithoutActivationCode"></a>testRegisterUserWithoutActivationCode</td><td>Success</td><td></td><td>66.809</td>
</tr>
<tr valign="top" class="TableRowColor">
<td><a name="testSignOutFeatureInCamcast"></a>testSignOutFeatureInCamcast</td><td>Success</td><td></td><td>20.819</td>
</tr>
<tr valign="top" class="TableRowColor">
<td><a name="testLoginToCamcast"></a>testLoginToCamcast</td><td>Success</td><td></td><td>22.005</td>
</tr>
<tr valign="top" class="Failure">
<td><a name="testLoginToXidioApplicationUsingInValidPassword"></a>testLoginToXidioApplicationUsingInValidPassword</td><td>Failure</td><td>N/A<br>
<br>
<code>junit.framework.AssertionFailedError<br/>	at comcast.test.app.testCases.userManagement.userLogin.ValidateUserLoginUsingInValidCredentials.LoginToXidioApplicationUsingInValidPassword.testLoginToXidioApplicationUsingInValidPassword(LoginToXidioApplicationUsingInValidPassword.java:34)<br/></code></td><td>28.386</td>
</tr>
<tr valign="top" class="TableRowColor">
<td><a name="testLoginToXidioApplicationUsingInValidUName"></a>testLoginToXidioApplicationUsingInValidUName</td><td>Success</td><td></td><td>12.164</td>
</tr>
<tr valign="top" class="TableRowColor">
<td><a name="testResetTheXidioPassword"></a>testResetTheXidioPassword</td><td>Success</td><td></td><td>15.246</td>
</tr>
<tr valign="top" class="TableRowColor">
<td><a name="testResetXidioPasswordWithoutProvidingEmailID"></a>testResetXidioPasswordWithoutProvidingEmailID</td><td>Success</td><td></td><td>14.368</td>
</tr>
<tr valign="top" class="TableRowColor">
<td><a name="testResetTheXidioPasswordWithWrongEmail"></a>testResetTheXidioPasswordWithWrongEmail</td><td>Success</td><td></td><td>15.105</td>
</tr>
<tr valign="top" class="TableRowColor">
<td><a name="testEditXidioAddressInProfileManagement"></a>testEditXidioAddressInProfileManagement</td><td>Success</td><td></td><td>78.965</td>
</tr>
<tr valign="top" class="Error">
<td><a name="testEditXidioLastNameInProfileManagement"></a>testEditXidioLastNameInProfileManagement</td><td>Error</td><td>expected:&lt;[X]idio&gt; but was:&lt;[x]idio&gt;<br>
<br>
<code>	at comcast.test.app.testCases.userManagement.profileManagement.RegisteredUserTestCasesForEditProfileDetails.ValidateLastNameField.EditXidioLastNameInProfileManagement.testEditXidioLastNameInProfileManagement(EditXidioLastNameInProfileManagement.java:54)<br/></code></td><td>91.018</td>
</tr>
<tr valign="top" class="TableRowColor">
<td><a name="testEditXidioAddressInProfileManagement"></a>testEditXidioAddressInProfileManagement</td><td>Success</td><td></td><td>78.098</td>
</tr>
<tr valign="top" class="TableRowColor">
<td><a name="testEditXidioCityInProfileManagement"></a>testEditXidioCityInProfileManagement</td><td>Success</td><td></td><td>78.867</td>
</tr>
<tr valign="top" class="TableRowColor">
<td><a name="testEditXidioStateInProfileManagement"></a>testEditXidioStateInProfileManagement</td><td>Success</td><td></td><td>78.460</td>
</tr>
<tr valign="top" class="TableRowColor">
<td><a name="testEditXidioZipInProfileManagement"></a>testEditXidioZipInProfileManagement</td><td>Success</td><td></td><td>82.332</td>
</tr>
<tr valign="top" class="TableRowColor">
<td><a name="testEditXidioUserEmail"></a>testEditXidioUserEmail</td><td>Success</td><td></td><td>104.916</td>
</tr>
<tr valign="top" class="Error">
<td><a name="testEditXidioUserMobileNumber"></a>testEditXidioUserMobileNumber</td><td>Error</td><td>expected:&lt;998[3998474]&gt; but was:&lt;998[6064497]&gt;<br>
<br>
<code>	at comcast.test.app.testCases.userManagement.profileManagement.RegisteredUserTestCasesForEditProfileDetails.ValidateMobileNumberField.ExitXidioUserMobileNumber.testEditXidioUserMobileNumber(ExitXidioUserMobileNumber.java:52)<br/></code></td><td>85.402</td>
</tr>
<tr valign="top" class="Failure">
<td><a name="testValidateFirstNameFieldByDeletingValueInPM"></a>testValidateFirstNameFieldByDeletingValueInPM</td><td>Failure</td><td>N/A<br>
<br>
<code>junit.framework.AssertionFailedError<br/>	at comcast.test.app.testCases.userManagement.profileManagement.RegisteredUserTestCasesForEditProfileDetails.ValidateFirstNameField.ValidateFirstNameFieldByDeletingValue.testValidateFirstNameFieldByDeletingValueInPM(ValidateFirstNameFieldByDeletingValue.java:51)<br/></code></td><td>82.881</td>
</tr>
<tr valign="top" class="Failure">
<td><a name="testValidateLastNameFieldByDeletingValueInPM"></a>testValidateLastNameFieldByDeletingValueInPM</td><td>Failure</td><td>N/A<br>
<br>
<code>junit.framework.AssertionFailedError<br/>	at comcast.test.app.testCases.userManagement.profileManagement.RegisteredUserTestCasesForEditProfileDetails.ValidateLastNameField.ValidateLastNameFieldByDeletingValue.testValidateLastNameFieldByDeletingValueInPM(ValidateLastNameFieldByDeletingValue.java:48)<br/></code></td><td>82.310</td>
</tr>
<tr valign="top" class="Failure">
<td><a name="testValidateAddressFieldByDeletingValueInPM"></a>testValidateAddressFieldByDeletingValueInPM</td><td>Failure</td><td>N/A<br>
<br>
<code>junit.framework.AssertionFailedError<br/>	at comcast.test.app.testCases.userManagement.profileManagement.RegisteredUserTestCasesForEditProfileDetails.ValidateAddressField.ValidateAddressFieldByDeletingValue.testValidateAddressFieldByDeletingValueInPM(ValidateAddressFieldByDeletingValue.java:45)<br/></code></td><td>86.695</td>
</tr>
<tr valign="top" class="Failure">
<td><a name="testValidateCityFieldByDeletingValueInPM"></a>testValidateCityFieldByDeletingValueInPM</td><td>Failure</td><td>N/A<br>
<br>
<code>junit.framework.AssertionFailedError<br/>	at comcast.test.app.testCases.userManagement.profileManagement.RegisteredUserTestCasesForEditProfileDetails.ValidateCityField.ValidateCityFieldByDeletingValue.testValidateCityFieldByDeletingValueInPM(ValidateCityFieldByDeletingValue.java:45)<br/></code></td><td>79.387</td>
</tr>
<tr valign="top" class="Failure">
<td><a name="testValidateZipFieldByDeletingValue"></a>testValidateZipFieldByDeletingValue</td><td>Failure</td><td>N/A<br>
<br>
<code>junit.framework.AssertionFailedError<br/>	at comcast.test.app.testCases.userManagement.profileManagement.RegisteredUserTestCasesForEditProfileDetails.ValidateZipField.ValidateZipFieldByDeletingValue.testValidateZipFieldByDeletingValue(ValidateZipFieldByDeletingValue.java:44)<br/></code></td><td>76.570</td>
</tr>
<tr valign="top" class="TableRowColor">
<td><a name="testValidateZipFieldByCharValue"></a>testValidateZipFieldByCharValue</td><td>Success</td><td></td><td>80.062</td>
</tr>
<tr valign="top" class="TableRowColor">
<td><a name="testValidateZipFieldByEnteringInvalidLength"></a>testValidateZipFieldByEnteringInvalidLength</td><td>Success</td><td></td><td>78.742</td>
</tr>
<tr valign="top" class="Failure">
<td><a name="testValidateEmailFieldByDeletingValueInPM"></a>testValidateEmailFieldByDeletingValueInPM</td><td>Failure</td><td>N/A<br>
<br>
<code>junit.framework.AssertionFailedError<br/>	at comcast.test.app.testCases.userManagement.profileManagement.RegisteredUserTestCasesForEditProfileDetails.ValidateEmailField.ValidateEmailFieldByDeletingValue.testValidateEmailFieldByDeletingValueInPM(ValidateEmailFieldByDeletingValue.java:45)<br/></code></td><td>84.997</td>
</tr>
<tr valign="top" class="TableRowColor">
<td><a name="testValidateUserNameFieldWithInValidEmail"></a>testValidateUserNameFieldWithInValidEmail</td><td>Success</td><td></td><td>78.429</td>
</tr>
<tr valign="top" class="Failure">
<td><a name="testValidateMobileNumberByDeletingValueInPM"></a>testValidateMobileNumberByDeletingValueInPM</td><td>Failure</td><td>N/A<br>
<br>
<code>junit.framework.AssertionFailedError<br/>	at comcast.test.app.testCases.userManagement.profileManagement.RegisteredUserTestCasesForEditProfileDetails.ValidateMobileNumberField.ValidateMobileNumberFieldByDeletingValue.testValidateMobileNumberByDeletingValueInPM(ValidateMobileNumberFieldByDeletingValue.java:45)<br/></code></td><td>83.253</td>
</tr>
<tr valign="top" class="TableRowColor">
<td><a name="testValidateMobileNumberWithInvalidNo"></a>testValidateMobileNumberWithInvalidNo</td><td>Success</td><td></td><td>80.458</td>
</tr>
<tr valign="top" class="Failure">
<td><a name="testValidateMobileNumberByEnteringExistingNo"></a>testValidateMobileNumberByEnteringExistingNo</td><td>Failure</td><td>N/A<br>
<br>
<code>junit.framework.AssertionFailedError<br/>	at comcast.test.app.testCases.userManagement.profileManagement.RegisteredUserTestCasesForEditProfileDetails.ValidateMobileNumberField.ValidateMobileNumberFieldByEnteringExistingNo.testValidateMobileNumberByEnteringExistingNo(ValidateMobileNumberFieldByEnteringExistingNo.java:46)<br/></code></td><td>77.204</td>
</tr>
<tr valign="top" class="TableRowColor">
<td><a name="testValidateCurrentPasswordWhenChangingPassword"></a>testValidateCurrentPasswordWhenChangingPassword</td><td>Success</td><td></td><td>90.613</td>
</tr>
<tr valign="top" class="TableRowColor">
<td><a name="testVerifyPasswordChangeWorks"></a>testVerifyPasswordChangeWorks</td><td>Success</td><td></td><td>81.912</td>
</tr>
<tr valign="top" class="TableRowColor">
<td><a name="testVerifyPasswordChangeWorks"></a>testVerifyPasswordChangeWorks</td><td>Success</td><td></td><td>84.887</td>
</tr>
<tr valign="top" class="TableRowColor">
<td><a name="testUserProfileChanges"></a>testUserProfileChanges</td><td>Success</td><td></td><td>87.140</td>
</tr>
<tr valign="top" class="TableRowColor">
<td><a name="testUserProfileChanges"></a>testUserProfileChanges</td><td>Success</td><td></td><td>94.260</td>
</tr>
<tr valign="top" class="TableRowColor">
<td><a name="testCCNumberWithInvalidInput"></a>testCCNumberWithInvalidInput</td><td>Success</td><td></td><td>95.078</td>
</tr>
<tr valign="top" class="Failure">
<td><a name="testPaymentInfoInvalidMonth"></a>testPaymentInfoInvalidMonth</td><td>Failure</td><td>N/A<br>
<br>
<code>junit.framework.AssertionFailedError<br/>	at comcast.test.app.testCases.userManagement.profileManagement.RegisteredUserTestCasesForChangePaymentInfo.ValidateExpiryMonthField.ValidatePaymentInfoMonthByEnteringInvalidMonth.testPaymentInfoInvalidMonth(ValidatePaymentInfoMonthByEnteringInvalidMonth.java:57)<br/></code></td><td>101.300</td>
</tr>
<tr valign="top" class="Failure">
<td><a name="testUserProfileChanges"></a>testUserProfileChanges</td><td>Failure</td><td>N/A<br>
<br>
<code>junit.framework.AssertionFailedError<br/>	at comcast.test.app.testCases.userManagement.profileManagement.RegisteredUserTestCasesForChangePaymentInfo.ValidateExpiryMonthField.ValidatePaymentInfoMonthMandatoryField.testUserProfileChanges(ValidatePaymentInfoMonthMandatoryField.java:55)<br/></code></td><td>151.577</td>
</tr>
<tr valign="top" class="Failure">
<td><a name="testYearFieldByEnteringPastYear"></a>testYearFieldByEnteringPastYear</td><td>Failure</td><td>N/A<br>
<br>
<code>junit.framework.AssertionFailedError<br/>	at comcast.test.app.testCases.userManagement.profileManagement.RegisteredUserTestCasesForChangePaymentInfo.ValidateYearField.ValidatePaymentInfoYearFieldByEnteringPastYear.testYearFieldByEnteringPastYear(ValidatePaymentInfoYearFieldByEnteringPastYear.java:58)<br/></code></td><td>110.980</td>
</tr>
<tr valign="top" class="Failure">
<td><a name="testPaymentInfoYearMandatoryField"></a>testPaymentInfoYearMandatoryField</td><td>Failure</td><td>N/A<br>
<br>
<code>junit.framework.AssertionFailedError<br/>	at comcast.test.app.testCases.userManagement.profileManagement.RegisteredUserTestCasesForChangePaymentInfo.ValidateYearField.ValidatePaymentInfoYearMandatoryField.testPaymentInfoYearMandatoryField(ValidatePaymentInfoYearMandatoryField.java:54)<br/></code></td><td>97.265</td>
</tr>
<tr valign="top" class="TableRowColor">
<td><a name="testUserProfileChanges"></a>testUserProfileChanges</td><td>Success</td><td></td><td>89.429</td>
</tr>
<tr valign="top" class="TableRowColor">
<td><a name="testSecurityCodeByEnteringCharacters"></a>testSecurityCodeByEnteringCharacters</td><td>Success</td><td></td><td>84.719</td>
</tr>
<tr valign="top" class="TableRowColor">
<td><a name="testVerifyChangePinCodeDetailsUpdatedSuccessfully"></a>testVerifyChangePinCodeDetailsUpdatedSuccessfully</td><td>Success</td><td></td><td>90.906</td>
</tr>
<tr valign="top" class="TableRowColor">
<td><a name="testChangePinCodeAllMandatoryFields"></a>testChangePinCodeAllMandatoryFields</td><td>Success</td><td></td><td>89.285</td>
</tr>
<tr valign="top" class="TableRowColor">
<td><a name="testChangePinCodeByEnteringInvalidPinLength"></a>testChangePinCodeByEnteringInvalidPinLength</td><td>Success</td><td></td><td>91.778</td>
</tr>
<tr valign="top" class="TableRowColor">
<td><a name="testChangePasswordByEnteringInvalidPass"></a>testChangePasswordByEnteringInvalidPass</td><td>Success</td><td></td><td>94.962</td>
</tr>
<tr valign="top" class="TableRowColor">
<td><a name="testEnteredPinIsVisibleWhenUserClicksOnDisplayPin"></a>testEnteredPinIsVisibleWhenUserClicksOnDisplayPin</td><td>Success</td><td></td><td>91.969</td>
</tr>
<tr valign="top" class="TableRowColor">
<td><a name="testEnteredPasswordIsVisibleWhenUserClicksOnDisplayPass"></a>testEnteredPasswordIsVisibleWhenUserClicksOnDisplayPass</td><td>Success</td><td></td><td>90.972</td>
</tr>
<tr valign="top" class="TableRowColor">
<td><a name="testUserActivationCodeUpdatesSuccessfully"></a>testUserActivationCodeUpdatesSuccessfully</td><td>Success</td><td></td><td>85.522</td>
</tr>
<tr valign="top" class="TableRowColor">
<td><a name="testActivationCodeByEnteringInvalidCode"></a>testActivationCodeByEnteringInvalidCode</td><td>Success</td><td></td><td>89.255</td>
</tr>
<tr valign="top" class="Error">
<td><a name="testUserProfileChanges"></a>testUserProfileChanges</td><td>Error</td><td>Unable to locate element: {"method":"name","selector":"old_password"} Command duration or timeout: 30.09 seconds For documentation on this error, please visit: http://seleniumhq.org/exceptions/no_such_element.html Build info: version: '2.32.0', revision: '6c40c18', time: '2013-04-09 17:22:56' System info: os.name: 'Windows 7', os.arch: 'amd64', os.version: '6.1', java.version: '1.7.0_05' Session ID: 7456c55b-146f-4f81-8579-a70f8987e257 Driver info: org.openqa.selenium.firefox.FirefoxDriver Capabilities [{platform=XP, acceptSslCerts=true, javascriptEnabled=true, browserName=firefox, rotatable=false, locationContextEnabled=true, version=22.0, cssSelectorsEnabled=true, databaseEnabled=true, handlesAlerts=true, browserConnectionEnabled=true, nativeEvents=true, webStorageEnabled=true, applicationCacheEnabled=true, takesScreenshot=true}]<br>
<br>
<code>org.openqa.selenium.NoSuchElementException: Unable to locate element: {"method":"name","selector":"old_password"}<br/>Command duration or timeout: 30.09 seconds<br/>For documentation on this error, please visit: http://seleniumhq.org/exceptions/no_such_element.html<br/>Build info: version: '2.32.0', revision: '6c40c18', time: '2013-04-09 17:22:56'<br/>System info: os.name: 'Windows 7', os.arch: 'amd64', os.version: '6.1', java.version: '1.7.0_05'<br/>Session ID: 7456c55b-146f-4f81-8579-a70f8987e257<br/>Driver info: org.openqa.selenium.firefox.FirefoxDriver<br/>Capabilities [{platform=XP, acceptSslCerts=true, javascriptEnabled=true, browserName=firefox, rotatable=false, locationContextEnabled=true, version=22.0, cssSelectorsEnabled=true, databaseEnabled=true, handlesAlerts=true, browserConnectionEnabled=true, nativeEvents=true, webStorageEnabled=true, applicationCacheEnabled=true, takesScreenshot=true}]<br/>	at java.lang.reflect.Constructor.newInstance(Constructor.java:525)<br/>	at org.openqa.selenium.remote.ErrorHandler.createThrowable(ErrorHandler.java:187)<br/>	at org.openqa.selenium.remote.ErrorHandler.throwIfResponseFailed(ErrorHandler.java:145)<br/>	at org.openqa.selenium.remote.RemoteWebDriver.execute(RemoteWebDriver.java:554)<br/>	at org.openqa.selenium.remote.RemoteWebDriver.findElement(RemoteWebDriver.java:307)<br/>	at org.openqa.selenium.remote.RemoteWebDriver.findElementByName(RemoteWebDriver.java:380)<br/>	at org.openqa.selenium.By$ByName.findElement(By.java:292)<br/>	at org.openqa.selenium.remote.RemoteWebDriver.findElement(RemoteWebDriver.java:299)<br/>	at comcast.test.app.common.userManagement.userLogin.common.UserLoginFunctions.ChangePassword(UserLoginFunctions.java:48)<br/>	at comcast.test.app.common.helpHeaderFooterLinks.userRegTestCasesForHelpLink.VerifyHelpLink.testUserProfileChanges(VerifyHelpLink.java:38)<br/>Caused by: org.openqa.selenium.remote.ErrorHandler$UnknownServerException: Unable to locate element: {"method":"name","selector":"old_password"}<br/>Build info: version: '2.32.0', revision: '6c40c18', time: '2013-04-09 17:22:56'<br/>System info: os.name: 'Windows 7', os.arch: 'amd64', os.version: '6.1', java.version: '1.7.0_05'<br/>Driver info: driver.version: unknown<br/>	at <anonymous class>.FirefoxDriver.prototype.findElementInternal_(file:///C:/Users/ANJUM~1.JAM/AppData/Local/Temp/anonymous831177344311145871webdriver-profile/extensions/fxdriver@googlecode.com/components/driver_component.js:8405)<br/>	at <anonymous class>.fxdriver.Timer.prototype.setTimeout/<.notify(file:///C:/Users/ANJUM~1.JAM/AppData/Local/Temp/anonymous831177344311145871webdriver-profile/extensions/fxdriver@googlecode.com/components/driver_component.js:386)<br/></code></td><td>93.081</td>
</tr>
<tr valign="top" class="Error">
<td><a name="testVerifyFeedbackSubmitedSuccessfully"></a>testVerifyFeedbackSubmitedSuccessfully</td><td>Error</td><td>Unable to locate element: {"method":"css selector","selector":"img[alt=\"Ocean Life\"]"} Command duration or timeout: 30.16 seconds For documentation on this error, please visit: http://seleniumhq.org/exceptions/no_such_element.html Build info: version: '2.32.0', revision: '6c40c18', time: '2013-04-09 17:22:56' System info: os.name: 'Windows 7', os.arch: 'amd64', os.version: '6.1', java.version: '1.7.0_05' Session ID: e821dbc5-9028-4789-909b-906119b4db94 Driver info: org.openqa.selenium.firefox.FirefoxDriver Capabilities [{platform=XP, acceptSslCerts=true, javascriptEnabled=true, browserName=firefox, rotatable=false, locationContextEnabled=true, version=22.0, cssSelectorsEnabled=true, databaseEnabled=true, handlesAlerts=true, browserConnectionEnabled=true, nativeEvents=true, webStorageEnabled=true, applicationCacheEnabled=true, takesScreenshot=true}]<br>
<br>
<code>org.openqa.selenium.NoSuchElementException: Unable to locate element: {"method":"css selector","selector":"img[alt=\"Ocean Life\"]"}<br/>Command duration or timeout: 30.16 seconds<br/>For documentation on this error, please visit: http://seleniumhq.org/exceptions/no_such_element.html<br/>Build info: version: '2.32.0', revision: '6c40c18', time: '2013-04-09 17:22:56'<br/>System info: os.name: 'Windows 7', os.arch: 'amd64', os.version: '6.1', java.version: '1.7.0_05'<br/>Session ID: e821dbc5-9028-4789-909b-906119b4db94<br/>Driver info: org.openqa.selenium.firefox.FirefoxDriver<br/>Capabilities [{platform=XP, acceptSslCerts=true, javascriptEnabled=true, browserName=firefox, rotatable=false, locationContextEnabled=true, version=22.0, cssSelectorsEnabled=true, databaseEnabled=true, handlesAlerts=true, browserConnectionEnabled=true, nativeEvents=true, webStorageEnabled=true, applicationCacheEnabled=true, takesScreenshot=true}]<br/>	at java.lang.reflect.Constructor.newInstance(Constructor.java:525)<br/>	at org.openqa.selenium.remote.ErrorHandler.createThrowable(ErrorHandler.java:187)<br/>	at org.openqa.selenium.remote.ErrorHandler.throwIfResponseFailed(ErrorHandler.java:145)<br/>	at org.openqa.selenium.remote.RemoteWebDriver.execute(RemoteWebDriver.java:554)<br/>	at org.openqa.selenium.remote.RemoteWebDriver.findElement(RemoteWebDriver.java:307)<br/>	at org.openqa.selenium.remote.RemoteWebDriver.findElementByCssSelector(RemoteWebDriver.java:396)<br/>	at org.openqa.selenium.By$ByCssSelector.findElement(By.java:407)<br/>	at org.openqa.selenium.remote.RemoteWebDriver.findElement(RemoteWebDriver.java:299)<br/>	at comcast.test.app.testCases.videoManagement.videoFeedBackManagement.VerifyFeedbackSubmitedSuccessfully.testVerifyFeedbackSubmitedSuccessfully(VerifyFeedbackSubmitedSuccessfully.java:39)<br/>Caused by: org.openqa.selenium.remote.ErrorHandler$UnknownServerException: Unable to locate element: {"method":"css selector","selector":"img[alt=\"Ocean Life\"]"}<br/>Build info: version: '2.32.0', revision: '6c40c18', time: '2013-04-09 17:22:56'<br/>System info: os.name: 'Windows 7', os.arch: 'amd64', os.version: '6.1', java.version: '1.7.0_05'<br/>Driver info: driver.version: unknown<br/>	at <anonymous class>.FirefoxDriver.prototype.findElementInternal_(file:///C:/Users/ANJUM~1.JAM/AppData/Local/Temp/anonymous6312697890393591741webdriver-profile/extensions/fxdriver@googlecode.com/components/driver_component.js:8405)<br/>	at <anonymous class>.fxdriver.Timer.prototype.setTimeout/<.notify(file:///C:/Users/ANJUM~1.JAM/AppData/Local/Temp/anonymous6312697890393591741webdriver-profile/extensions/fxdriver@googlecode.com/components/driver_component.js:386)<br/></code></td><td>113.687</td>
</tr>
<tr valign="top" class="Failure">
<td><a name="testfeedback"></a>testfeedback</td><td>Failure</td><td>N/A<br>
<br>
<code>junit.framework.AssertionFailedError<br/>	at comcast.test.app.testCases.videoManagement.videoFeedBackManagement.validateMandatoryFields.ValidateAllMandatoryFieldsOfGiveFeedbackToThePublisher.testfeedback(ValidateAllMandatoryFieldsOfGiveFeedbackToThePublisher.java:43)<br/></code></td><td>86.942</td>
</tr>
<tr valign="top" class="Failure">
<td><a name="testValidateFeedbackMessageMandatoryField"></a>testValidateFeedbackMessageMandatoryField</td><td>Failure</td><td>N/A<br>
<br>
<code>junit.framework.AssertionFailedError<br/>	at comcast.test.app.testCases.videoManagement.videoFeedBackManagement.validateMandatoryFields.ValidateFeedbackMessageMandatoryField.testValidateFeedbackMessageMandatoryField(ValidateFeedbackMessageMandatoryField.java:43)<br/></code></td><td>83.410</td>
</tr>
<tr valign="top" class="Failure">
<td><a name="testValidateFeedbackSubjectMandatoryField"></a>testValidateFeedbackSubjectMandatoryField</td><td>Failure</td><td>N/A<br>
<br>
<code>junit.framework.AssertionFailedError<br/>	at comcast.test.app.testCases.videoManagement.videoFeedBackManagement.validateMandatoryFields.ValidateFeedbackSubjectMandatoryField.testValidateFeedbackSubjectMandatoryField(ValidateFeedbackSubjectMandatoryField.java:43)<br/></code></td><td>83.080</td>
</tr>
<tr valign="top" class="TableRowColor">
<td><a name="testEnsureSearchChannelStoreIsWorkingFine"></a>testEnsureSearchChannelStoreIsWorkingFine</td><td>Success</td><td></td><td>90.101</td>
</tr>
<tr valign="top" class="Error">
<td><a name="testVerifySelectedCategoryAndSubCategoryVideosAreDisplayed"></a>testVerifySelectedCategoryAndSubCategoryVideosAreDisplayed</td><td>Error</td><td>Unable to locate element: {"method":"link text","selector":"XIDIO"} Command duration or timeout: 30.17 seconds For documentation on this error, please visit: http://seleniumhq.org/exceptions/no_such_element.html Build info: version: '2.32.0', revision: '6c40c18', time: '2013-04-09 17:22:56' System info: os.name: 'Windows 7', os.arch: 'amd64', os.version: '6.1', java.version: '1.7.0_05' Session ID: fe7c39b6-409a-4053-a1fa-57a50ce3d428 Driver info: org.openqa.selenium.firefox.FirefoxDriver Capabilities [{platform=XP, acceptSslCerts=true, javascriptEnabled=true, browserName=firefox, rotatable=false, locationContextEnabled=true, version=22.0, cssSelectorsEnabled=true, databaseEnabled=true, handlesAlerts=true, browserConnectionEnabled=true, nativeEvents=true, webStorageEnabled=true, applicationCacheEnabled=true, takesScreenshot=true}]<br>
<br>
<code>org.openqa.selenium.NoSuchElementException: Unable to locate element: {"method":"link text","selector":"XIDIO"}<br/>Command duration or timeout: 30.17 seconds<br/>For documentation on this error, please visit: http://seleniumhq.org/exceptions/no_such_element.html<br/>Build info: version: '2.32.0', revision: '6c40c18', time: '2013-04-09 17:22:56'<br/>System info: os.name: 'Windows 7', os.arch: 'amd64', os.version: '6.1', java.version: '1.7.0_05'<br/>Session ID: fe7c39b6-409a-4053-a1fa-57a50ce3d428<br/>Driver info: org.openqa.selenium.firefox.FirefoxDriver<br/>Capabilities [{platform=XP, acceptSslCerts=true, javascriptEnabled=true, browserName=firefox, rotatable=false, locationContextEnabled=true, version=22.0, cssSelectorsEnabled=true, databaseEnabled=true, handlesAlerts=true, browserConnectionEnabled=true, nativeEvents=true, webStorageEnabled=true, applicationCacheEnabled=true, takesScreenshot=true}]<br/>	at java.lang.reflect.Constructor.newInstance(Constructor.java:525)<br/>	at org.openqa.selenium.remote.ErrorHandler.createThrowable(ErrorHandler.java:187)<br/>	at org.openqa.selenium.remote.ErrorHandler.throwIfResponseFailed(ErrorHandler.java:145)<br/>	at org.openqa.selenium.remote.RemoteWebDriver.execute(RemoteWebDriver.java:554)<br/>	at org.openqa.selenium.remote.RemoteWebDriver.findElement(RemoteWebDriver.java:307)<br/>	at org.openqa.selenium.remote.RemoteWebDriver.findElementByLinkText(RemoteWebDriver.java:356)<br/>	at org.openqa.selenium.By$ByLinkText.findElement(By.java:241)<br/>	at org.openqa.selenium.remote.RemoteWebDriver.findElement(RemoteWebDriver.java:299)<br/>	at comcast.test.app.testCases.videoManagement.videoSearch.searchVideoByCategory.VerifySelectedCategoryAndSubCategoryVideosAreDisplayed.testVerifySelectedCategoryAndSubCategoryVideosAreDisplayed(VerifySelectedCategoryAndSubCategoryVideosAreDisplayed.java:29)<br/>Caused by: org.openqa.selenium.remote.ErrorHandler$UnknownServerException: Unable to locate element: {"method":"link text","selector":"XIDIO"}<br/>Build info: version: '2.32.0', revision: '6c40c18', time: '2013-04-09 17:22:56'<br/>System info: os.name: 'Windows 7', os.arch: 'amd64', os.version: '6.1', java.version: '1.7.0_05'<br/>Driver info: driver.version: unknown<br/>	at <anonymous class>.FirefoxDriver.prototype.findElementInternal_(file:///C:/Users/ANJUM~1.JAM/AppData/Local/Temp/anonymous7516929172771681212webdriver-profile/extensions/fxdriver@googlecode.com/components/driver_component.js:8405)<br/>	at <anonymous class>.fxdriver.Timer.prototype.setTimeout/<.notify(file:///C:/Users/ANJUM~1.JAM/AppData/Local/Temp/anonymous7516929172771681212webdriver-profile/extensions/fxdriver@googlecode.com/components/driver_component.js:386)<br/></code></td><td>52.915</td>
</tr>
<tr valign="top" class="Error">
<td><a name="testVerifySubcriptionOfPaidVideo"></a>testVerifySubcriptionOfPaidVideo</td><td>Error</td><td>Unable to locate element: {"method":"xpath","selector":"html/body/div[1]/div[3]/div/h2"} Command duration or timeout: 30.06 seconds For documentation on this error, please visit: http://seleniumhq.org/exceptions/no_such_element.html Build info: version: '2.32.0', revision: '6c40c18', time: '2013-04-09 17:22:56' System info: os.name: 'Windows 7', os.arch: 'amd64', os.version: '6.1', java.version: '1.7.0_05' Session ID: 623c6400-dafd-4c76-8ffa-31309d674e2b Driver info: org.openqa.selenium.firefox.FirefoxDriver Capabilities [{platform=XP, acceptSslCerts=true, javascriptEnabled=true, browserName=firefox, rotatable=false, locationContextEnabled=true, version=22.0, cssSelectorsEnabled=true, databaseEnabled=true, handlesAlerts=true, browserConnectionEnabled=true, nativeEvents=true, webStorageEnabled=true, applicationCacheEnabled=true, takesScreenshot=true}]<br>
<br>
<code>org.openqa.selenium.NoSuchElementException: Unable to locate element: {"method":"xpath","selector":"html/body/div[1]/div[3]/div/h2"}<br/>Command duration or timeout: 30.06 seconds<br/>For documentation on this error, please visit: http://seleniumhq.org/exceptions/no_such_element.html<br/>Build info: version: '2.32.0', revision: '6c40c18', time: '2013-04-09 17:22:56'<br/>System info: os.name: 'Windows 7', os.arch: 'amd64', os.version: '6.1', java.version: '1.7.0_05'<br/>Session ID: 623c6400-dafd-4c76-8ffa-31309d674e2b<br/>Driver info: org.openqa.selenium.firefox.FirefoxDriver<br/>Capabilities [{platform=XP, acceptSslCerts=true, javascriptEnabled=true, browserName=firefox, rotatable=false, locationContextEnabled=true, version=22.0, cssSelectorsEnabled=true, databaseEnabled=true, handlesAlerts=true, browserConnectionEnabled=true, nativeEvents=true, webStorageEnabled=true, applicationCacheEnabled=true, takesScreenshot=true}]<br/>	at java.lang.reflect.Constructor.newInstance(Constructor.java:525)<br/>	at org.openqa.selenium.remote.ErrorHandler.createThrowable(ErrorHandler.java:187)<br/>	at org.openqa.selenium.remote.ErrorHandler.throwIfResponseFailed(ErrorHandler.java:145)<br/>	at org.openqa.selenium.remote.RemoteWebDriver.execute(RemoteWebDriver.java:554)<br/>	at org.openqa.selenium.remote.RemoteWebDriver.findElement(RemoteWebDriver.java:307)<br/>	at org.openqa.selenium.remote.RemoteWebDriver.findElementByXPath(RemoteWebDriver.java:404)<br/>	at org.openqa.selenium.By$ByXPath.findElement(By.java:344)<br/>	at org.openqa.selenium.remote.RemoteWebDriver.findElement(RemoteWebDriver.java:299)<br/>	at comcast.test.app.testCases.videoManagement.videoSubscriptionManagement.paidSubscriptionForVideo.VerifySubcriptionOfPaidVideo.testVerifySubcriptionOfPaidVideo(VerifySubcriptionOfPaidVideo.java:48)<br/>Caused by: org.openqa.selenium.remote.ErrorHandler$UnknownServerException: Unable to locate element: {"method":"xpath","selector":"html/body/div[1]/div[3]/div/h2"}<br/>Build info: version: '2.32.0', revision: '6c40c18', time: '2013-04-09 17:22:56'<br/>System info: os.name: 'Windows 7', os.arch: 'amd64', os.version: '6.1', java.version: '1.7.0_05'<br/>Driver info: driver.version: unknown<br/>	at <anonymous class>.FirefoxDriver.prototype.findElementInternal_(file:///C:/Users/ANJUM~1.JAM/AppData/Local/Temp/anonymous5436985479845001637webdriver-profile/extensions/fxdriver@googlecode.com/components/driver_component.js:8405)<br/>	at <anonymous class>.fxdriver.Timer.prototype.setTimeout/<.notify(file:///C:/Users/ANJUM~1.JAM/AppData/Local/Temp/anonymous5436985479845001637webdriver-profile/extensions/fxdriver@googlecode.com/components/driver_component.js:386)<br/></code></td><td>125.264</td>
</tr>
</table>
<div class="Properties">
<a href="javascript:displayProperties('comcast.test.testSuite.runATFRegression');">
                    Properties &raquo;
                </a>
</div>
<div class="Properties">
<a href="./0_runATFRegression-out.txt">
                        System.out &raquo;
                    </a>
</div>
</body>
</html>
