<html xmlns:lxslt="http://xml.apache.org/xslt" xmlns:stringutils="xalan://org.apache.tools.ant.util.StringUtils">
<head>
<META http-equiv="Content-Type" content="text/html; charset=US-ASCII">
<title>Unit Test Results: All Tests</title>
<link rel="stylesheet" type="text/css" title="Style" href="stylesheet.css">
</head>
<body onload="open('allclasses-frame.html','classListFrame')">
<h1>Unit Test Results</h1>
<table width="100%">
<tr>
<td align="left"></td><td align="right">Designed for use with <a href="http://www.junit.org/">JUnit</a> and <a href="http://ant.apache.org/">Ant</a>.</td>
</tr>
</table>
<hr size="1">
<h2>All Tests</h2>
<table class="details" border="0" cellpadding="5" cellspacing="2" width="95%">
<tr valign="top">
<th>Class</th><th>Name</th><th>Status</th><th width="80%">Type</th><th nowrap>Time(s)</th>
</tr>
<tr valign="top" class="TableRowColor">
<td><a href="comcast/test/testSuite/0_runATFRegression.html">runATFRegression</a></td><td><a name="testRegistrationToXidioApplicationByClickingActivation"></a><a href="comcast/test/testSuite/0_runATFRegression.html#testRegistrationToXidioApplicationByClickingActivation">testRegistrationToXidioApplicationByClickingActivation</a></td><td>Success</td><td></td><td>75.820</td>
</tr>
<tr valign="top" class="TableRowColor">
<td><a href="comcast/test/testSuite/0_runATFRegression.html">runATFRegression</a></td><td><a name="testRegisterToXidioApplicationUsingValidCredentials"></a><a href="comcast/test/testSuite/0_runATFRegression.html#testRegisterToXidioApplicationUsingValidCredentials">testRegisterToXidioApplicationUsingValidCredentials</a></td><td>Success</td><td></td><td>74.716</td>
</tr>
<tr valign="top" class="TableRowColor">
<td><a href="comcast/test/testSuite/0_runATFRegression.html">runATFRegression</a></td><td><a name="testRegistrationToXidioApplicationBySkipingPaymentStepAndActivationStep"></a><a href="comcast/test/testSuite/0_runATFRegression.html#testRegistrationToXidioApplicationBySkipingPaymentStepAndActivationStep">testRegistrationToXidioApplicationBySkipingPaymentStepAndActivationStep</a></td><td>Success</td><td></td><td>77.295</td>
</tr>
<tr valign="top" class="TableRowColor">
<td><a href="comcast/test/testSuite/0_runATFRegression.html">runATFRegression</a></td><td><a name="testRegistrationToXidioApplicationWithValidCredentialByDeclingTermAndCondition"></a><a href="comcast/test/testSuite/0_runATFRegression.html#testRegistrationToXidioApplicationWithValidCredentialByDeclingTermAndCondition">testRegistrationToXidioApplicationWithValidCredentialByDeclingTermAndCondition</a></td><td>Success</td><td></td><td>101.643</td>
</tr>
<tr valign="top" class="TableRowColor">
<td><a href="comcast/test/testSuite/0_runATFRegression.html">runATFRegression</a></td><td><a name="testRegisterToXidioApplicationDirectlyWithPaymentDetailsWithoutPersonalInfo"></a><a href="comcast/test/testSuite/0_runATFRegression.html#testRegisterToXidioApplicationDirectlyWithPaymentDetailsWithoutPersonalInfo">testRegisterToXidioApplicationDirectlyWithPaymentDetailsWithoutPersonalInfo</a></td><td>Success</td><td></td><td>26.266</td>
</tr>
<tr valign="top" class="TableRowColor">
<td><a href="comcast/test/testSuite/0_runATFRegression.html">runATFRegression</a></td><td><a name="testRegisterToXidioApplicationWithoutEnteringFirstName"></a><a href="comcast/test/testSuite/0_runATFRegression.html#testRegisterToXidioApplicationWithoutEnteringFirstName">testRegisterToXidioApplicationWithoutEnteringFirstName</a></td><td>Success</td><td></td><td>37.699</td>
</tr>
<tr valign="top" class="TableRowColor">
<td><a href="comcast/test/testSuite/0_runATFRegression.html">runATFRegression</a></td><td><a name="testRegisterToXidioApplicationWithoutEnteringLastName"></a><a href="comcast/test/testSuite/0_runATFRegression.html#testRegisterToXidioApplicationWithoutEnteringLastName">testRegisterToXidioApplicationWithoutEnteringLastName</a></td><td>Success</td><td></td><td>22.299</td>
</tr>
<tr valign="top" class="TableRowColor">
<td><a href="comcast/test/testSuite/0_runATFRegression.html">runATFRegression</a></td><td><a name="testRegisterToXidioApplicationWithoutEnteringAddress"></a><a href="comcast/test/testSuite/0_runATFRegression.html#testRegisterToXidioApplicationWithoutEnteringAddress">testRegisterToXidioApplicationWithoutEnteringAddress</a></td><td>Success</td><td></td><td>20.145</td>
</tr>
<tr valign="top" class="TableRowColor">
<td><a href="comcast/test/testSuite/0_runATFRegression.html">runATFRegression</a></td><td><a name="testRegisterToXidioApplicationWithoutEnteringCity"></a><a href="comcast/test/testSuite/0_runATFRegression.html#testRegisterToXidioApplicationWithoutEnteringCity">testRegisterToXidioApplicationWithoutEnteringCity</a></td><td>Success</td><td></td><td>25.630</td>
</tr>
<tr valign="top" class="TableRowColor">
<td><a href="comcast/test/testSuite/0_runATFRegression.html">runATFRegression</a></td><td><a name="testRegisterToXidioApplicationWithoutEnteringZip"></a><a href="comcast/test/testSuite/0_runATFRegression.html#testRegisterToXidioApplicationWithoutEnteringZip">testRegisterToXidioApplicationWithoutEnteringZip</a></td><td>Success</td><td></td><td>21.002</td>
</tr>
<tr valign="top" class="TableRowColor">
<td><a href="comcast/test/testSuite/0_runATFRegression.html">runATFRegression</a></td><td><a name="testRegisterToXidioApplicationWithoutEnteringEmail"></a><a href="comcast/test/testSuite/0_runATFRegression.html#testRegisterToXidioApplicationWithoutEnteringEmail">testRegisterToXidioApplicationWithoutEnteringEmail</a></td><td>Success</td><td></td><td>38.866</td>
</tr>
<tr valign="top" class="TableRowColor">
<td><a href="comcast/test/testSuite/0_runATFRegression.html">runATFRegression</a></td><td><a name="testRegisterToXidioApplicationByEnteringInValidEmail"></a><a href="comcast/test/testSuite/0_runATFRegression.html#testRegisterToXidioApplicationByEnteringInValidEmail">testRegisterToXidioApplicationByEnteringInValidEmail</a></td><td>Success</td><td></td><td>25.176</td>
</tr>
<tr valign="top" class="TableRowColor">
<td><a href="comcast/test/testSuite/0_runATFRegression.html">runATFRegression</a></td><td><a name="testRegisterToXidioApplicationByEnteringInValidZip"></a><a href="comcast/test/testSuite/0_runATFRegression.html#testRegisterToXidioApplicationByEnteringInValidZip">testRegisterToXidioApplicationByEnteringInValidZip</a></td><td>Success</td><td></td><td>25.982</td>
</tr>
<tr valign="top" class="TableRowColor">
<td><a href="comcast/test/testSuite/0_runATFRegression.html">runATFRegression</a></td><td><a name="testRegisterToXidioApplicationByEnteringInValidZipLength"></a><a href="comcast/test/testSuite/0_runATFRegression.html#testRegisterToXidioApplicationByEnteringInValidZipLength">testRegisterToXidioApplicationByEnteringInValidZipLength</a></td><td>Success</td><td></td><td>27.421</td>
</tr>
<tr valign="top" class="TableRowColor">
<td><a href="comcast/test/testSuite/0_runATFRegression.html">runATFRegression</a></td><td><a name="testRegisterToXidioApplicationWithoutEnteringMobileNumber"></a><a href="comcast/test/testSuite/0_runATFRegression.html#testRegisterToXidioApplicationWithoutEnteringMobileNumber">testRegisterToXidioApplicationWithoutEnteringMobileNumber</a></td><td>Success</td><td></td><td>21.934</td>
</tr>
<tr valign="top" class="TableRowColor">
<td><a href="comcast/test/testSuite/0_runATFRegression.html">runATFRegression</a></td><td><a name="testRegisterToXidioApplicationByEnteringInValidMobileNumber"></a><a href="comcast/test/testSuite/0_runATFRegression.html#testRegisterToXidioApplicationByEnteringInValidMobileNumber">testRegisterToXidioApplicationByEnteringInValidMobileNumber</a></td><td>Success</td><td></td><td>26.873</td>
</tr>
<tr valign="top" class="TableRowColor">
<td><a href="comcast/test/testSuite/0_runATFRegression.html">runATFRegression</a></td><td><a name="testRegisterToXidioApplicationWithoutEnteringPassword"></a><a href="comcast/test/testSuite/0_runATFRegression.html#testRegisterToXidioApplicationWithoutEnteringPassword">testRegisterToXidioApplicationWithoutEnteringPassword</a></td><td>Success</td><td></td><td>26.359</td>
</tr>
<tr valign="top" class="TableRowColor">
<td><a href="comcast/test/testSuite/0_runATFRegression.html">runATFRegression</a></td><td><a name="testRegisterToXidioApplicationByEnteringNonCapitalLetterPassword"></a><a href="comcast/test/testSuite/0_runATFRegression.html#testRegisterToXidioApplicationByEnteringNonCapitalLetterPassword">testRegisterToXidioApplicationByEnteringNonCapitalLetterPassword</a></td><td>Success</td><td></td><td>23.749</td>
</tr>
<tr valign="top" class="TableRowColor">
<td><a href="comcast/test/testSuite/0_runATFRegression.html">runATFRegression</a></td><td><a name="testRegisterToXidioApplicationByEnteringInValidPassword"></a><a href="comcast/test/testSuite/0_runATFRegression.html#testRegisterToXidioApplicationByEnteringInValidPassword">testRegisterToXidioApplicationByEnteringInValidPassword</a></td><td>Success</td><td></td><td>28.558</td>
</tr>
<tr valign="top" class="TableRowColor">
<td><a href="comcast/test/testSuite/0_runATFRegression.html">runATFRegression</a></td><td><a name="testRegisterToXidioApplicationByEnteringInValidLengthOfPassword"></a><a href="comcast/test/testSuite/0_runATFRegression.html#testRegisterToXidioApplicationByEnteringInValidLengthOfPassword">testRegisterToXidioApplicationByEnteringInValidLengthOfPassword</a></td><td>Success</td><td></td><td>22.124</td>
</tr>
<tr valign="top" class="TableRowColor">
<td><a href="comcast/test/testSuite/0_runATFRegression.html">runATFRegression</a></td><td><a name="testRegisterToXidioApplicationWithNoCreditCardNumber"></a><a href="comcast/test/testSuite/0_runATFRegression.html#testRegisterToXidioApplicationWithNoCreditCardNumber">testRegisterToXidioApplicationWithNoCreditCardNumber</a></td><td>Success</td><td></td><td>70.326</td>
</tr>
<tr valign="top" class="TableRowColor">
<td><a href="comcast/test/testSuite/0_runATFRegression.html">runATFRegression</a></td><td><a name="testRegisterToXidioApplicationWithInvalidCreditCardNumber"></a><a href="comcast/test/testSuite/0_runATFRegression.html#testRegisterToXidioApplicationWithInvalidCreditCardNumber">testRegisterToXidioApplicationWithInvalidCreditCardNumber</a></td><td>Success</td><td></td><td>46.921</td>
</tr>
<tr valign="top" class="Failure">
<td><a href="comcast/test/testSuite/0_runATFRegression.html">runATFRegression</a></td><td><a name="testRegisterToXidioApplicationWithNoSecurityCode"></a><a href="comcast/test/testSuite/0_runATFRegression.html#testRegisterToXidioApplicationWithNoSecurityCode">testRegisterToXidioApplicationWithNoSecurityCode</a></td><td>Failure</td><td>N/A<br>
<br>
<code>junit.framework.AssertionFailedError<br/>	at comcast.test.app.testCases.userManagement.userRegistration.UserRegistrationTestCasesForCreditCardDetails.UserRegWithNoSecurityCode.RegisterToXidioApplicationWithNoSecurityCode.testRegisterToXidioApplicationWithNoSecurityCode(RegisterToXidioApplicationWithNoSecurityCode.java:47)<br/></code></td><td>56.307</td>
</tr>
<tr valign="top" class="TableRowColor">
<td><a href="comcast/test/testSuite/0_runATFRegression.html">runATFRegression</a></td><td><a name="testRegisterToXidioApplicationWithNoPincode"></a><a href="comcast/test/testSuite/0_runATFRegression.html#testRegisterToXidioApplicationWithNoPincode">testRegisterToXidioApplicationWithNoPincode</a></td><td>Success</td><td></td><td>46.967</td>
</tr>
<tr valign="top" class="Failure">
<td><a href="comcast/test/testSuite/0_runATFRegression.html">runATFRegression</a></td><td><a name="testRegisterToXidioApplicationWithInvalidPinCodeCharLength"></a><a href="comcast/test/testSuite/0_runATFRegression.html#testRegisterToXidioApplicationWithInvalidPinCodeCharLength">testRegisterToXidioApplicationWithInvalidPinCodeCharLength</a></td><td>Failure</td><td>N/A<br>
<br>
<code>junit.framework.AssertionFailedError<br/>	at comcast.test.app.testCases.userManagement.userRegistration.UserRegistrationTestCasesForCreditCardDetails.UserRegWithInvalidPin.UserRegWithInvalidPinCodeCharLength.RegisterToXidioApplicationWithInvalidPinCodeCharLength.testRegisterToXidioApplicationWithInvalidPinCodeCharLength(RegisterToXidioApplicationWithInvalidPinCodeCharLength.java:49)<br/></code></td><td>56.399</td>
</tr>
<tr valign="top" class="TableRowColor">
<td><a href="comcast/test/testSuite/0_runATFRegression.html">runATFRegression</a></td><td><a name="testRegisterToXidioApplicationWithCheckingDiplayPinCheckbox"></a><a href="comcast/test/testSuite/0_runATFRegression.html#testRegisterToXidioApplicationWithCheckingDiplayPinCheckbox">testRegisterToXidioApplicationWithCheckingDiplayPinCheckbox</a></td><td>Success</td><td></td><td>54.387</td>
</tr>
<tr valign="top" class="TableRowColor">
<td><a href="comcast/test/testSuite/0_runATFRegression.html">runATFRegression</a></td><td><a name="testRegisterToXidioApplicationWithCheckingDisplayPasswordCheckbox"></a><a href="comcast/test/testSuite/0_runATFRegression.html#testRegisterToXidioApplicationWithCheckingDisplayPasswordCheckbox">testRegisterToXidioApplicationWithCheckingDisplayPasswordCheckbox</a></td><td>Success</td><td></td><td>64.854</td>
</tr>
<tr valign="top" class="TableRowColor">
<td><a href="comcast/test/testSuite/0_runATFRegression.html">runATFRegression</a></td><td><a name="testRegisterUserWithoutActivationCode"></a><a href="comcast/test/testSuite/0_runATFRegression.html#testRegisterUserWithoutActivationCode">testRegisterUserWithoutActivationCode</a></td><td>Success</td><td></td><td>66.809</td>
</tr>
<tr valign="top" class="TableRowColor">
<td><a href="comcast/test/testSuite/0_runATFRegression.html">runATFRegression</a></td><td><a name="testSignOutFeatureInCamcast"></a><a href="comcast/test/testSuite/0_runATFRegression.html#testSignOutFeatureInCamcast">testSignOutFeatureInCamcast</a></td><td>Success</td><td></td><td>20.819</td>
</tr>
<tr valign="top" class="TableRowColor">
<td><a href="comcast/test/testSuite/0_runATFRegression.html">runATFRegression</a></td><td><a name="testLoginToCamcast"></a><a href="comcast/test/testSuite/0_runATFRegression.html#testLoginToCamcast">testLoginToCamcast</a></td><td>Success</td><td></td><td>22.005</td>
</tr>
<tr valign="top" class="Failure">
<td><a href="comcast/test/testSuite/0_runATFRegression.html">runATFRegression</a></td><td><a name="testLoginToXidioApplicationUsingInValidPassword"></a><a href="comcast/test/testSuite/0_runATFRegression.html#testLoginToXidioApplicationUsingInValidPassword">testLoginToXidioApplicationUsingInValidPassword</a></td><td>Failure</td><td>N/A<br>
<br>
<code>junit.framework.AssertionFailedError<br/>	at comcast.test.app.testCases.userManagement.userLogin.ValidateUserLoginUsingInValidCredentials.LoginToXidioApplicationUsingInValidPassword.testLoginToXidioApplicationUsingInValidPassword(LoginToXidioApplicationUsingInValidPassword.java:34)<br/></code></td><td>28.386</td>
</tr>
<tr valign="top" class="TableRowColor">
<td><a href="comcast/test/testSuite/0_runATFRegression.html">runATFRegression</a></td><td><a name="testLoginToXidioApplicationUsingInValidUName"></a><a href="comcast/test/testSuite/0_runATFRegression.html#testLoginToXidioApplicationUsingInValidUName">testLoginToXidioApplicationUsingInValidUName</a></td><td>Success</td><td></td><td>12.164</td>
</tr>
<tr valign="top" class="TableRowColor">
<td><a href="comcast/test/testSuite/0_runATFRegression.html">runATFRegression</a></td><td><a name="testResetTheXidioPassword"></a><a href="comcast/test/testSuite/0_runATFRegression.html#testResetTheXidioPassword">testResetTheXidioPassword</a></td><td>Success</td><td></td><td>15.246</td>
</tr>
<tr valign="top" class="TableRowColor">
<td><a href="comcast/test/testSuite/0_runATFRegression.html">runATFRegression</a></td><td><a name="testResetXidioPasswordWithoutProvidingEmailID"></a><a href="comcast/test/testSuite/0_runATFRegression.html#testResetXidioPasswordWithoutProvidingEmailID">testResetXidioPasswordWithoutProvidingEmailID</a></td><td>Success</td><td></td><td>14.368</td>
</tr>
<tr valign="top" class="TableRowColor">
<td><a href="comcast/test/testSuite/0_runATFRegression.html">runATFRegression</a></td><td><a name="testResetTheXidioPasswordWithWrongEmail"></a><a href="comcast/test/testSuite/0_runATFRegression.html#testResetTheXidioPasswordWithWrongEmail">testResetTheXidioPasswordWithWrongEmail</a></td><td>Success</td><td></td><td>15.105</td>
</tr>
<tr valign="top" class="TableRowColor">
<td><a href="comcast/test/testSuite/0_runATFRegression.html">runATFRegression</a></td><td><a name="testEditXidioAddressInProfileManagement"></a><a href="comcast/test/testSuite/0_runATFRegression.html#testEditXidioAddressInProfileManagement">testEditXidioAddressInProfileManagement</a></td><td>Success</td><td></td><td>78.965</td>
</tr>
<tr valign="top" class="Error">
<td><a href="comcast/test/testSuite/0_runATFRegression.html">runATFRegression</a></td><td><a name="testEditXidioLastNameInProfileManagement"></a><a href="comcast/test/testSuite/0_runATFRegression.html#testEditXidioLastNameInProfileManagement">testEditXidioLastNameInProfileManagement</a></td><td>Error</td><td>expected:&lt;[X]idio&gt; but was:&lt;[x]idio&gt;<br>
<br>
<code>	at comcast.test.app.testCases.userManagement.profileManagement.RegisteredUserTestCasesForEditProfileDetails.ValidateLastNameField.EditXidioLastNameInProfileManagement.testEditXidioLastNameInProfileManagement(EditXidioLastNameInProfileManagement.java:54)<br/></code></td><td>91.018</td>
</tr>
<tr valign="top" class="TableRowColor">
<td><a href="comcast/test/testSuite/0_runATFRegression.html">runATFRegression</a></td><td><a name="testEditXidioAddressInProfileManagement"></a><a href="comcast/test/testSuite/0_runATFRegression.html#testEditXidioAddressInProfileManagement">testEditXidioAddressInProfileManagement</a></td><td>Success</td><td></td><td>78.098</td>
</tr>
<tr valign="top" class="TableRowColor">
<td><a href="comcast/test/testSuite/0_runATFRegression.html">runATFRegression</a></td><td><a name="testEditXidioCityInProfileManagement"></a><a href="comcast/test/testSuite/0_runATFRegression.html#testEditXidioCityInProfileManagement">testEditXidioCityInProfileManagement</a></td><td>Success</td><td></td><td>78.867</td>
</tr>
<tr valign="top" class="TableRowColor">
<td><a href="comcast/test/testSuite/0_runATFRegression.html">runATFRegression</a></td><td><a name="testEditXidioStateInProfileManagement"></a><a href="comcast/test/testSuite/0_runATFRegression.html#testEditXidioStateInProfileManagement">testEditXidioStateInProfileManagement</a></td><td>Success</td><td></td><td>78.460</td>
</tr>
<tr valign="top" class="TableRowColor">
<td><a href="comcast/test/testSuite/0_runATFRegression.html">runATFRegression</a></td><td><a name="testEditXidioZipInProfileManagement"></a><a href="comcast/test/testSuite/0_runATFRegression.html#testEditXidioZipInProfileManagement">testEditXidioZipInProfileManagement</a></td><td>Success</td><td></td><td>82.332</td>
</tr>
<tr valign="top" class="TableRowColor">
<td><a href="comcast/test/testSuite/0_runATFRegression.html">runATFRegression</a></td><td><a name="testEditXidioUserEmail"></a><a href="comcast/test/testSuite/0_runATFRegression.html#testEditXidioUserEmail">testEditXidioUserEmail</a></td><td>Success</td><td></td><td>104.916</td>
</tr>
<tr valign="top" class="Error">
<td><a href="comcast/test/testSuite/0_runATFRegression.html">runATFRegression</a></td><td><a name="testEditXidioUserMobileNumber"></a><a href="comcast/test/testSuite/0_runATFRegression.html#testEditXidioUserMobileNumber">testEditXidioUserMobileNumber</a></td><td>Error</td><td>expected:&lt;998[3998474]&gt; but was:&lt;998[6064497]&gt;<br>
<br>
<code>	at comcast.test.app.testCases.userManagement.profileManagement.RegisteredUserTestCasesForEditProfileDetails.ValidateMobileNumberField.ExitXidioUserMobileNumber.testEditXidioUserMobileNumber(ExitXidioUserMobileNumber.java:52)<br/></code></td><td>85.402</td>
</tr>
<tr valign="top" class="Failure">
<td><a href="comcast/test/testSuite/0_runATFRegression.html">runATFRegression</a></td><td><a name="testValidateFirstNameFieldByDeletingValueInPM"></a><a href="comcast/test/testSuite/0_runATFRegression.html#testValidateFirstNameFieldByDeletingValueInPM">testValidateFirstNameFieldByDeletingValueInPM</a></td><td>Failure</td><td>N/A<br>
<br>
<code>junit.framework.AssertionFailedError<br/>	at comcast.test.app.testCases.userManagement.profileManagement.RegisteredUserTestCasesForEditProfileDetails.ValidateFirstNameField.ValidateFirstNameFieldByDeletingValue.testValidateFirstNameFieldByDeletingValueInPM(ValidateFirstNameFieldByDeletingValue.java:51)<br/></code></td><td>82.881</td>
</tr>
<tr valign="top" class="Failure">
<td><a href="comcast/test/testSuite/0_runATFRegression.html">runATFRegression</a></td><td><a name="testValidateLastNameFieldByDeletingValueInPM"></a><a href="comcast/test/testSuite/0_runATFRegression.html#testValidateLastNameFieldByDeletingValueInPM">testValidateLastNameFieldByDeletingValueInPM</a></td><td>Failure</td><td>N/A<br>
<br>
<code>junit.framework.AssertionFailedError<br/>	at comcast.test.app.testCases.userManagement.profileManagement.RegisteredUserTestCasesForEditProfileDetails.ValidateLastNameField.ValidateLastNameFieldByDeletingValue.testValidateLastNameFieldByDeletingValueInPM(ValidateLastNameFieldByDeletingValue.java:48)<br/></code></td><td>82.310</td>
</tr>
<tr valign="top" class="Failure">
<td><a href="comcast/test/testSuite/0_runATFRegression.html">runATFRegression</a></td><td><a name="testValidateAddressFieldByDeletingValueInPM"></a><a href="comcast/test/testSuite/0_runATFRegression.html#testValidateAddressFieldByDeletingValueInPM">testValidateAddressFieldByDeletingValueInPM</a></td><td>Failure</td><td>N/A<br>
<br>
<code>junit.framework.AssertionFailedError<br/>	at comcast.test.app.testCases.userManagement.profileManagement.RegisteredUserTestCasesForEditProfileDetails.ValidateAddressField.ValidateAddressFieldByDeletingValue.testValidateAddressFieldByDeletingValueInPM(ValidateAddressFieldByDeletingValue.java:45)<br/></code></td><td>86.695</td>
</tr>
<tr valign="top" class="Failure">
<td><a href="comcast/test/testSuite/0_runATFRegression.html">runATFRegression</a></td><td><a name="testValidateCityFieldByDeletingValueInPM"></a><a href="comcast/test/testSuite/0_runATFRegression.html#testValidateCityFieldByDeletingValueInPM">testValidateCityFieldByDeletingValueInPM</a></td><td>Failure</td><td>N/A<br>
<br>
<code>junit.framework.AssertionFailedError<br/>	at comcast.test.app.testCases.userManagement.profileManagement.RegisteredUserTestCasesForEditProfileDetails.ValidateCityField.ValidateCityFieldByDeletingValue.testValidateCityFieldByDeletingValueInPM(ValidateCityFieldByDeletingValue.java:45)<br/></code></td><td>79.387</td>
</tr>
<tr valign="top" class="Failure">
<td><a href="comcast/test/testSuite/0_runATFRegression.html">runATFRegression</a></td><td><a name="testValidateZipFieldByDeletingValue"></a><a href="comcast/test/testSuite/0_runATFRegression.html#testValidateZipFieldByDeletingValue">testValidateZipFieldByDeletingValue</a></td><td>Failure</td><td>N/A<br>
<br>
<code>junit.framework.AssertionFailedError<br/>	at comcast.test.app.testCases.userManagement.profileManagement.RegisteredUserTestCasesForEditProfileDetails.ValidateZipField.ValidateZipFieldByDeletingValue.testValidateZipFieldByDeletingValue(ValidateZipFieldByDeletingValue.java:44)<br/></code></td><td>76.570</td>
</tr>
<tr valign="top" class="TableRowColor">
<td><a href="comcast/test/testSuite/0_runATFRegression.html">runATFRegression</a></td><td><a name="testValidateZipFieldByCharValue"></a><a href="comcast/test/testSuite/0_runATFRegression.html#testValidateZipFieldByCharValue">testValidateZipFieldByCharValue</a></td><td>Success</td><td></td><td>80.062</td>
</tr>
<tr valign="top" class="TableRowColor">
<td><a href="comcast/test/testSuite/0_runATFRegression.html">runATFRegression</a></td><td><a name="testValidateZipFieldByEnteringInvalidLength"></a><a href="comcast/test/testSuite/0_runATFRegression.html#testValidateZipFieldByEnteringInvalidLength">testValidateZipFieldByEnteringInvalidLength</a></td><td>Success</td><td></td><td>78.742</td>
</tr>
<tr valign="top" class="Failure">
<td><a href="comcast/test/testSuite/0_runATFRegression.html">runATFRegression</a></td><td><a name="testValidateEmailFieldByDeletingValueInPM"></a><a href="comcast/test/testSuite/0_runATFRegression.html#testValidateEmailFieldByDeletingValueInPM">testValidateEmailFieldByDeletingValueInPM</a></td><td>Failure</td><td>N/A<br>
<br>
<code>junit.framework.AssertionFailedError<br/>	at comcast.test.app.testCases.userManagement.profileManagement.RegisteredUserTestCasesForEditProfileDetails.ValidateEmailField.ValidateEmailFieldByDeletingValue.testValidateEmailFieldByDeletingValueInPM(ValidateEmailFieldByDeletingValue.java:45)<br/></code></td><td>84.997</td>
</tr>
<tr valign="top" class="TableRowColor">
<td><a href="comcast/test/testSuite/0_runATFRegression.html">runATFRegression</a></td><td><a name="testValidateUserNameFieldWithInValidEmail"></a><a href="comcast/test/testSuite/0_runATFRegression.html#testValidateUserNameFieldWithInValidEmail">testValidateUserNameFieldWithInValidEmail</a></td><td>Success</td><td></td><td>78.429</td>
</tr>
<tr valign="top" class="Failure">
<td><a href="comcast/test/testSuite/0_runATFRegression.html">runATFRegression</a></td><td><a name="testValidateMobileNumberByDeletingValueInPM"></a><a href="comcast/test/testSuite/0_runATFRegression.html#testValidateMobileNumberByDeletingValueInPM">testValidateMobileNumberByDeletingValueInPM</a></td><td>Failure</td><td>N/A<br>
<br>
<code>junit.framework.AssertionFailedError<br/>	at comcast.test.app.testCases.userManagement.profileManagement.RegisteredUserTestCasesForEditProfileDetails.ValidateMobileNumberField.ValidateMobileNumberFieldByDeletingValue.testValidateMobileNumberByDeletingValueInPM(ValidateMobileNumberFieldByDeletingValue.java:45)<br/></code></td><td>83.253</td>
</tr>
<tr valign="top" class="TableRowColor">
<td><a href="comcast/test/testSuite/0_runATFRegression.html">runATFRegression</a></td><td><a name="testValidateMobileNumberWithInvalidNo"></a><a href="comcast/test/testSuite/0_runATFRegression.html#testValidateMobileNumberWithInvalidNo">testValidateMobileNumberWithInvalidNo</a></td><td>Success</td><td></td><td>80.458</td>
</tr>
<tr valign="top" class="Failure">
<td><a href="comcast/test/testSuite/0_runATFRegression.html">runATFRegression</a></td><td><a name="testValidateMobileNumberByEnteringExistingNo"></a><a href="comcast/test/testSuite/0_runATFRegression.html#testValidateMobileNumberByEnteringExistingNo">testValidateMobileNumberByEnteringExistingNo</a></td><td>Failure</td><td>N/A<br>
<br>
<code>junit.framework.AssertionFailedError<br/>	at comcast.test.app.testCases.userManagement.profileManagement.RegisteredUserTestCasesForEditProfileDetails.ValidateMobileNumberField.ValidateMobileNumberFieldByEnteringExistingNo.testValidateMobileNumberByEnteringExistingNo(ValidateMobileNumberFieldByEnteringExistingNo.java:46)<br/></code></td><td>77.204</td>
</tr>
<tr valign="top" class="TableRowColor">
<td><a href="comcast/test/testSuite/0_runATFRegression.html">runATFRegression</a></td><td><a name="testValidateCurrentPasswordWhenChangingPassword"></a><a href="comcast/test/testSuite/0_runATFRegression.html#testValidateCurrentPasswordWhenChangingPassword">testValidateCurrentPasswordWhenChangingPassword</a></td><td>Success</td><td></td><td>90.613</td>
</tr>
<tr valign="top" class="TableRowColor">
<td><a href="comcast/test/testSuite/0_runATFRegression.html">runATFRegression</a></td><td><a name="testVerifyPasswordChangeWorks"></a><a href="comcast/test/testSuite/0_runATFRegression.html#testVerifyPasswordChangeWorks">testVerifyPasswordChangeWorks</a></td><td>Success</td><td></td><td>81.912</td>
</tr>
<tr valign="top" class="TableRowColor">
<td><a href="comcast/test/testSuite/0_runATFRegression.html">runATFRegression</a></td><td><a name="testVerifyPasswordChangeWorks"></a><a href="comcast/test/testSuite/0_runATFRegression.html#testVerifyPasswordChangeWorks">testVerifyPasswordChangeWorks</a></td><td>Success</td><td></td><td>84.887</td>
</tr>
<tr valign="top" class="TableRowColor">
<td><a href="comcast/test/testSuite/0_runATFRegression.html">runATFRegression</a></td><td><a name="testUserProfileChanges"></a><a href="comcast/test/testSuite/0_runATFRegression.html#testUserProfileChanges">testUserProfileChanges</a></td><td>Success</td><td></td><td>87.140</td>
</tr>
<tr valign="top" class="TableRowColor">
<td><a href="comcast/test/testSuite/0_runATFRegression.html">runATFRegression</a></td><td><a name="testUserProfileChanges"></a><a href="comcast/test/testSuite/0_runATFRegression.html#testUserProfileChanges">testUserProfileChanges</a></td><td>Success</td><td></td><td>94.260</td>
</tr>
<tr valign="top" class="TableRowColor">
<td><a href="comcast/test/testSuite/0_runATFRegression.html">runATFRegression</a></td><td><a name="testCCNumberWithInvalidInput"></a><a href="comcast/test/testSuite/0_runATFRegression.html#testCCNumberWithInvalidInput">testCCNumberWithInvalidInput</a></td><td>Success</td><td></td><td>95.078</td>
</tr>
<tr valign="top" class="Failure">
<td><a href="comcast/test/testSuite/0_runATFRegression.html">runATFRegression</a></td><td><a name="testPaymentInfoInvalidMonth"></a><a href="comcast/test/testSuite/0_runATFRegression.html#testPaymentInfoInvalidMonth">testPaymentInfoInvalidMonth</a></td><td>Failure</td><td>N/A<br>
<br>
<code>junit.framework.AssertionFailedError<br/>	at comcast.test.app.testCases.userManagement.profileManagement.RegisteredUserTestCasesForChangePaymentInfo.ValidateExpiryMonthField.ValidatePaymentInfoMonthByEnteringInvalidMonth.testPaymentInfoInvalidMonth(ValidatePaymentInfoMonthByEnteringInvalidMonth.java:57)<br/></code></td><td>101.300</td>
</tr>
<tr valign="top" class="Failure">
<td><a href="comcast/test/testSuite/0_runATFRegression.html">runATFRegression</a></td><td><a name="testUserProfileChanges"></a><a href="comcast/test/testSuite/0_runATFRegression.html#testUserProfileChanges">testUserProfileChanges</a></td><td>Failure</td><td>N/A<br>
<br>
<code>junit.framework.AssertionFailedError<br/>	at comcast.test.app.testCases.userManagement.profileManagement.RegisteredUserTestCasesForChangePaymentInfo.ValidateExpiryMonthField.ValidatePaymentInfoMonthMandatoryField.testUserProfileChanges(ValidatePaymentInfoMonthMandatoryField.java:55)<br/></code></td><td>151.577</td>
</tr>
<tr valign="top" class="Failure">
<td><a href="comcast/test/testSuite/0_runATFRegression.html">runATFRegression</a></td><td><a name="testYearFieldByEnteringPastYear"></a><a href="comcast/test/testSuite/0_runATFRegression.html#testYearFieldByEnteringPastYear">testYearFieldByEnteringPastYear</a></td><td>Failure</td><td>N/A<br>
<br>
<code>junit.framework.AssertionFailedError<br/>	at comcast.test.app.testCases.userManagement.profileManagement.RegisteredUserTestCasesForChangePaymentInfo.ValidateYearField.ValidatePaymentInfoYearFieldByEnteringPastYear.testYearFieldByEnteringPastYear(ValidatePaymentInfoYearFieldByEnteringPastYear.java:58)<br/></code></td><td>110.980</td>
</tr>
<tr valign="top" class="Failure">
<td><a href="comcast/test/testSuite/0_runATFRegression.html">runATFRegression</a></td><td><a name="testPaymentInfoYearMandatoryField"></a><a href="comcast/test/testSuite/0_runATFRegression.html#testPaymentInfoYearMandatoryField">testPaymentInfoYearMandatoryField</a></td><td>Failure</td><td>N/A<br>
<br>
<code>junit.framework.AssertionFailedError<br/>	at comcast.test.app.testCases.userManagement.profileManagement.RegisteredUserTestCasesForChangePaymentInfo.ValidateYearField.ValidatePaymentInfoYearMandatoryField.testPaymentInfoYearMandatoryField(ValidatePaymentInfoYearMandatoryField.java:54)<br/></code></td><td>97.265</td>
</tr>
<tr valign="top" class="TableRowColor">
<td><a href="comcast/test/testSuite/0_runATFRegression.html">runATFRegression</a></td><td><a name="testUserProfileChanges"></a><a href="comcast/test/testSuite/0_runATFRegression.html#testUserProfileChanges">testUserProfileChanges</a></td><td>Success</td><td></td><td>89.429</td>
</tr>
<tr valign="top" class="TableRowColor">
<td><a href="comcast/test/testSuite/0_runATFRegression.html">runATFRegression</a></td><td><a name="testSecurityCodeByEnteringCharacters"></a><a href="comcast/test/testSuite/0_runATFRegression.html#testSecurityCodeByEnteringCharacters">testSecurityCodeByEnteringCharacters</a></td><td>Success</td><td></td><td>84.719</td>
</tr>
<tr valign="top" class="TableRowColor">
<td><a href="comcast/test/testSuite/0_runATFRegression.html">runATFRegression</a></td><td><a name="testVerifyChangePinCodeDetailsUpdatedSuccessfully"></a><a href="comcast/test/testSuite/0_runATFRegression.html#testVerifyChangePinCodeDetailsUpdatedSuccessfully">testVerifyChangePinCodeDetailsUpdatedSuccessfully</a></td><td>Success</td><td></td><td>90.906</td>
</tr>
<tr valign="top" class="TableRowColor">
<td><a href="comcast/test/testSuite/0_runATFRegression.html">runATFRegression</a></td><td><a name="testChangePinCodeAllMandatoryFields"></a><a href="comcast/test/testSuite/0_runATFRegression.html#testChangePinCodeAllMandatoryFields">testChangePinCodeAllMandatoryFields</a></td><td>Success</td><td></td><td>89.285</td>
</tr>
<tr valign="top" class="TableRowColor">
<td><a href="comcast/test/testSuite/0_runATFRegression.html">runATFRegression</a></td><td><a name="testChangePinCodeByEnteringInvalidPinLength"></a><a href="comcast/test/testSuite/0_runATFRegression.html#testChangePinCodeByEnteringInvalidPinLength">testChangePinCodeByEnteringInvalidPinLength</a></td><td>Success</td><td></td><td>91.778</td>
</tr>
<tr valign="top" class="TableRowColor">
<td><a href="comcast/test/testSuite/0_runATFRegression.html">runATFRegression</a></td><td><a name="testChangePasswordByEnteringInvalidPass"></a><a href="comcast/test/testSuite/0_runATFRegression.html#testChangePasswordByEnteringInvalidPass">testChangePasswordByEnteringInvalidPass</a></td><td>Success</td><td></td><td>94.962</td>
</tr>
<tr valign="top" class="TableRowColor">
<td><a href="comcast/test/testSuite/0_runATFRegression.html">runATFRegression</a></td><td><a name="testEnteredPinIsVisibleWhenUserClicksOnDisplayPin"></a><a href="comcast/test/testSuite/0_runATFRegression.html#testEnteredPinIsVisibleWhenUserClicksOnDisplayPin">testEnteredPinIsVisibleWhenUserClicksOnDisplayPin</a></td><td>Success</td><td></td><td>91.969</td>
</tr>
<tr valign="top" class="TableRowColor">
<td><a href="comcast/test/testSuite/0_runATFRegression.html">runATFRegression</a></td><td><a name="testEnteredPasswordIsVisibleWhenUserClicksOnDisplayPass"></a><a href="comcast/test/testSuite/0_runATFRegression.html#testEnteredPasswordIsVisibleWhenUserClicksOnDisplayPass">testEnteredPasswordIsVisibleWhenUserClicksOnDisplayPass</a></td><td>Success</td><td></td><td>90.972</td>
</tr>
<tr valign="top" class="TableRowColor">
<td><a href="comcast/test/testSuite/0_runATFRegression.html">runATFRegression</a></td><td><a name="testUserActivationCodeUpdatesSuccessfully"></a><a href="comcast/test/testSuite/0_runATFRegression.html#testUserActivationCodeUpdatesSuccessfully">testUserActivationCodeUpdatesSuccessfully</a></td><td>Success</td><td></td><td>85.522</td>
</tr>
<tr valign="top" class="TableRowColor">
<td><a href="comcast/test/testSuite/0_runATFRegression.html">runATFRegression</a></td><td><a name="testActivationCodeByEnteringInvalidCode"></a><a href="comcast/test/testSuite/0_runATFRegression.html#testActivationCodeByEnteringInvalidCode">testActivationCodeByEnteringInvalidCode</a></td><td>Success</td><td></td><td>89.255</td>
</tr>
<tr valign="top" class="Error">
<td><a href="comcast/test/testSuite/0_runATFRegression.html">runATFRegression</a></td><td><a name="testUserProfileChanges"></a><a href="comcast/test/testSuite/0_runATFRegression.html#testUserProfileChanges">testUserProfileChanges</a></td><td>Error</td><td>Unable to locate element: {"method":"name","selector":"old_password"} Command duration or timeout: 30.09 seconds For documentation on this error, please visit: http://seleniumhq.org/exceptions/no_such_element.html Build info: version: '2.32.0', revision: '6c40c18', time: '2013-04-09 17:22:56' System info: os.name: 'Windows 7', os.arch: 'amd64', os.version: '6.1', java.version: '1.7.0_05' Session ID: 7456c55b-146f-4f81-8579-a70f8987e257 Driver info: org.openqa.selenium.firefox.FirefoxDriver Capabilities [{platform=XP, acceptSslCerts=true, javascriptEnabled=true, browserName=firefox, rotatable=false, locationContextEnabled=true, version=22.0, cssSelectorsEnabled=true, databaseEnabled=true, handlesAlerts=true, browserConnectionEnabled=true, nativeEvents=true, webStorageEnabled=true, applicationCacheEnabled=true, takesScreenshot=true}]<br>
<br>
<code>org.openqa.selenium.NoSuchElementException: Unable to locate element: {"method":"name","selector":"old_password"}<br/>Command duration or timeout: 30.09 seconds<br/>For documentation on this error, please visit: http://seleniumhq.org/exceptions/no_such_element.html<br/>Build info: version: '2.32.0', revision: '6c40c18', time: '2013-04-09 17:22:56'<br/>System info: os.name: 'Windows 7', os.arch: 'amd64', os.version: '6.1', java.version: '1.7.0_05'<br/>Session ID: 7456c55b-146f-4f81-8579-a70f8987e257<br/>Driver info: org.openqa.selenium.firefox.FirefoxDriver<br/>Capabilities [{platform=XP, acceptSslCerts=true, javascriptEnabled=true, browserName=firefox, rotatable=false, locationContextEnabled=true, version=22.0, cssSelectorsEnabled=true, databaseEnabled=true, handlesAlerts=true, browserConnectionEnabled=true, nativeEvents=true, webStorageEnabled=true, applicationCacheEnabled=true, takesScreenshot=true}]<br/>	at java.lang.reflect.Constructor.newInstance(Constructor.java:525)<br/>	at org.openqa.selenium.remote.ErrorHandler.createThrowable(ErrorHandler.java:187)<br/>	at org.openqa.selenium.remote.ErrorHandler.throwIfResponseFailed(ErrorHandler.java:145)<br/>	at org.openqa.selenium.remote.RemoteWebDriver.execute(RemoteWebDriver.java:554)<br/>	at org.openqa.selenium.remote.RemoteWebDriver.findElement(RemoteWebDriver.java:307)<br/>	at org.openqa.selenium.remote.RemoteWebDriver.findElementByName(RemoteWebDriver.java:380)<br/>	at org.openqa.selenium.By$ByName.findElement(By.java:292)<br/>	at org.openqa.selenium.remote.RemoteWebDriver.findElement(RemoteWebDriver.java:299)<br/>	at comcast.test.app.common.userManagement.userLogin.common.UserLoginFunctions.ChangePassword(UserLoginFunctions.java:48)<br/>	at comcast.test.app.common.helpHeaderFooterLinks.userRegTestCasesForHelpLink.VerifyHelpLink.testUserProfileChanges(VerifyHelpLink.java:38)<br/>Caused by: org.openqa.selenium.remote.ErrorHandler$UnknownServerException: Unable to locate element: {"method":"name","selector":"old_password"}<br/>Build info: version: '2.32.0', revision: '6c40c18', time: '2013-04-09 17:22:56'<br/>System info: os.name: 'Windows 7', os.arch: 'amd64', os.version: '6.1', java.version: '1.7.0_05'<br/>Driver info: driver.version: unknown<br/>	at <anonymous class>.FirefoxDriver.prototype.findElementInternal_(file:///C:/Users/ANJUM~1.JAM/AppData/Local/Temp/anonymous831177344311145871webdriver-profile/extensions/fxdriver@googlecode.com/components/driver_component.js:8405)<br/>	at <anonymous class>.fxdriver.Timer.prototype.setTimeout/<.notify(file:///C:/Users/ANJUM~1.JAM/AppData/Local/Temp/anonymous831177344311145871webdriver-profile/extensions/fxdriver@googlecode.com/components/driver_component.js:386)<br/></code></td><td>93.081</td>
</tr>
<tr valign="top" class="Error">
<td><a href="comcast/test/testSuite/0_runATFRegression.html">runATFRegression</a></td><td><a name="testVerifyFeedbackSubmitedSuccessfully"></a><a href="comcast/test/testSuite/0_runATFRegression.html#testVerifyFeedbackSubmitedSuccessfully">testVerifyFeedbackSubmitedSuccessfully</a></td><td>Error</td><td>Unable to locate element: {"method":"css selector","selector":"img[alt=\"Ocean Life\"]"} Command duration or timeout: 30.16 seconds For documentation on this error, please visit: http://seleniumhq.org/exceptions/no_such_element.html Build info: version: '2.32.0', revision: '6c40c18', time: '2013-04-09 17:22:56' System info: os.name: 'Windows 7', os.arch: 'amd64', os.version: '6.1', java.version: '1.7.0_05' Session ID: e821dbc5-9028-4789-909b-906119b4db94 Driver info: org.openqa.selenium.firefox.FirefoxDriver Capabilities [{platform=XP, acceptSslCerts=true, javascriptEnabled=true, browserName=firefox, rotatable=false, locationContextEnabled=true, version=22.0, cssSelectorsEnabled=true, databaseEnabled=true, handlesAlerts=true, browserConnectionEnabled=true, nativeEvents=true, webStorageEnabled=true, applicationCacheEnabled=true, takesScreenshot=true}]<br>
<br>
<code>org.openqa.selenium.NoSuchElementException: Unable to locate element: {"method":"css selector","selector":"img[alt=\"Ocean Life\"]"}<br/>Command duration or timeout: 30.16 seconds<br/>For documentation on this error, please visit: http://seleniumhq.org/exceptions/no_such_element.html<br/>Build info: version: '2.32.0', revision: '6c40c18', time: '2013-04-09 17:22:56'<br/>System info: os.name: 'Windows 7', os.arch: 'amd64', os.version: '6.1', java.version: '1.7.0_05'<br/>Session ID: e821dbc5-9028-4789-909b-906119b4db94<br/>Driver info: org.openqa.selenium.firefox.FirefoxDriver<br/>Capabilities [{platform=XP, acceptSslCerts=true, javascriptEnabled=true, browserName=firefox, rotatable=false, locationContextEnabled=true, version=22.0, cssSelectorsEnabled=true, databaseEnabled=true, handlesAlerts=true, browserConnectionEnabled=true, nativeEvents=true, webStorageEnabled=true, applicationCacheEnabled=true, takesScreenshot=true}]<br/>	at java.lang.reflect.Constructor.newInstance(Constructor.java:525)<br/>	at org.openqa.selenium.remote.ErrorHandler.createThrowable(ErrorHandler.java:187)<br/>	at org.openqa.selenium.remote.ErrorHandler.throwIfResponseFailed(ErrorHandler.java:145)<br/>	at org.openqa.selenium.remote.RemoteWebDriver.execute(RemoteWebDriver.java:554)<br/>	at org.openqa.selenium.remote.RemoteWebDriver.findElement(RemoteWebDriver.java:307)<br/>	at org.openqa.selenium.remote.RemoteWebDriver.findElementByCssSelector(RemoteWebDriver.java:396)<br/>	at org.openqa.selenium.By$ByCssSelector.findElement(By.java:407)<br/>	at org.openqa.selenium.remote.RemoteWebDriver.findElement(RemoteWebDriver.java:299)<br/>	at comcast.test.app.testCases.videoManagement.videoFeedBackManagement.VerifyFeedbackSubmitedSuccessfully.testVerifyFeedbackSubmitedSuccessfully(VerifyFeedbackSubmitedSuccessfully.java:39)<br/>Caused by: org.openqa.selenium.remote.ErrorHandler$UnknownServerException: Unable to locate element: {"method":"css selector","selector":"img[alt=\"Ocean Life\"]"}<br/>Build info: version: '2.32.0', revision: '6c40c18', time: '2013-04-09 17:22:56'<br/>System info: os.name: 'Windows 7', os.arch: 'amd64', os.version: '6.1', java.version: '1.7.0_05'<br/>Driver info: driver.version: unknown<br/>	at <anonymous class>.FirefoxDriver.prototype.findElementInternal_(file:///C:/Users/ANJUM~1.JAM/AppData/Local/Temp/anonymous6312697890393591741webdriver-profile/extensions/fxdriver@googlecode.com/components/driver_component.js:8405)<br/>	at <anonymous class>.fxdriver.Timer.prototype.setTimeout/<.notify(file:///C:/Users/ANJUM~1.JAM/AppData/Local/Temp/anonymous6312697890393591741webdriver-profile/extensions/fxdriver@googlecode.com/components/driver_component.js:386)<br/></code></td><td>113.687</td>
</tr>
<tr valign="top" class="Failure">
<td><a href="comcast/test/testSuite/0_runATFRegression.html">runATFRegression</a></td><td><a name="testfeedback"></a><a href="comcast/test/testSuite/0_runATFRegression.html#testfeedback">testfeedback</a></td><td>Failure</td><td>N/A<br>
<br>
<code>junit.framework.AssertionFailedError<br/>	at comcast.test.app.testCases.videoManagement.videoFeedBackManagement.validateMandatoryFields.ValidateAllMandatoryFieldsOfGiveFeedbackToThePublisher.testfeedback(ValidateAllMandatoryFieldsOfGiveFeedbackToThePublisher.java:43)<br/></code></td><td>86.942</td>
</tr>
<tr valign="top" class="Failure">
<td><a href="comcast/test/testSuite/0_runATFRegression.html">runATFRegression</a></td><td><a name="testValidateFeedbackMessageMandatoryField"></a><a href="comcast/test/testSuite/0_runATFRegression.html#testValidateFeedbackMessageMandatoryField">testValidateFeedbackMessageMandatoryField</a></td><td>Failure</td><td>N/A<br>
<br>
<code>junit.framework.AssertionFailedError<br/>	at comcast.test.app.testCases.videoManagement.videoFeedBackManagement.validateMandatoryFields.ValidateFeedbackMessageMandatoryField.testValidateFeedbackMessageMandatoryField(ValidateFeedbackMessageMandatoryField.java:43)<br/></code></td><td>83.410</td>
</tr>
<tr valign="top" class="Failure">
<td><a href="comcast/test/testSuite/0_runATFRegression.html">runATFRegression</a></td><td><a name="testValidateFeedbackSubjectMandatoryField"></a><a href="comcast/test/testSuite/0_runATFRegression.html#testValidateFeedbackSubjectMandatoryField">testValidateFeedbackSubjectMandatoryField</a></td><td>Failure</td><td>N/A<br>
<br>
<code>junit.framework.AssertionFailedError<br/>	at comcast.test.app.testCases.videoManagement.videoFeedBackManagement.validateMandatoryFields.ValidateFeedbackSubjectMandatoryField.testValidateFeedbackSubjectMandatoryField(ValidateFeedbackSubjectMandatoryField.java:43)<br/></code></td><td>83.080</td>
</tr>
<tr valign="top" class="TableRowColor">
<td><a href="comcast/test/testSuite/0_runATFRegression.html">runATFRegression</a></td><td><a name="testEnsureSearchChannelStoreIsWorkingFine"></a><a href="comcast/test/testSuite/0_runATFRegression.html#testEnsureSearchChannelStoreIsWorkingFine">testEnsureSearchChannelStoreIsWorkingFine</a></td><td>Success</td><td></td><td>90.101</td>
</tr>
<tr valign="top" class="Error">
<td><a href="comcast/test/testSuite/0_runATFRegression.html">runATFRegression</a></td><td><a name="testVerifySelectedCategoryAndSubCategoryVideosAreDisplayed"></a><a href="comcast/test/testSuite/0_runATFRegression.html#testVerifySelectedCategoryAndSubCategoryVideosAreDisplayed">testVerifySelectedCategoryAndSubCategoryVideosAreDisplayed</a></td><td>Error</td><td>Unable to locate element: {"method":"link text","selector":"XIDIO"} Command duration or timeout: 30.17 seconds For documentation on this error, please visit: http://seleniumhq.org/exceptions/no_such_element.html Build info: version: '2.32.0', revision: '6c40c18', time: '2013-04-09 17:22:56' System info: os.name: 'Windows 7', os.arch: 'amd64', os.version: '6.1', java.version: '1.7.0_05' Session ID: fe7c39b6-409a-4053-a1fa-57a50ce3d428 Driver info: org.openqa.selenium.firefox.FirefoxDriver Capabilities [{platform=XP, acceptSslCerts=true, javascriptEnabled=true, browserName=firefox, rotatable=false, locationContextEnabled=true, version=22.0, cssSelectorsEnabled=true, databaseEnabled=true, handlesAlerts=true, browserConnectionEnabled=true, nativeEvents=true, webStorageEnabled=true, applicationCacheEnabled=true, takesScreenshot=true}]<br>
<br>
<code>org.openqa.selenium.NoSuchElementException: Unable to locate element: {"method":"link text","selector":"XIDIO"}<br/>Command duration or timeout: 30.17 seconds<br/>For documentation on this error, please visit: http://seleniumhq.org/exceptions/no_such_element.html<br/>Build info: version: '2.32.0', revision: '6c40c18', time: '2013-04-09 17:22:56'<br/>System info: os.name: 'Windows 7', os.arch: 'amd64', os.version: '6.1', java.version: '1.7.0_05'<br/>Session ID: fe7c39b6-409a-4053-a1fa-57a50ce3d428<br/>Driver info: org.openqa.selenium.firefox.FirefoxDriver<br/>Capabilities [{platform=XP, acceptSslCerts=true, javascriptEnabled=true, browserName=firefox, rotatable=false, locationContextEnabled=true, version=22.0, cssSelectorsEnabled=true, databaseEnabled=true, handlesAlerts=true, browserConnectionEnabled=true, nativeEvents=true, webStorageEnabled=true, applicationCacheEnabled=true, takesScreenshot=true}]<br/>	at java.lang.reflect.Constructor.newInstance(Constructor.java:525)<br/>	at org.openqa.selenium.remote.ErrorHandler.createThrowable(ErrorHandler.java:187)<br/>	at org.openqa.selenium.remote.ErrorHandler.throwIfResponseFailed(ErrorHandler.java:145)<br/>	at org.openqa.selenium.remote.RemoteWebDriver.execute(RemoteWebDriver.java:554)<br/>	at org.openqa.selenium.remote.RemoteWebDriver.findElement(RemoteWebDriver.java:307)<br/>	at org.openqa.selenium.remote.RemoteWebDriver.findElementByLinkText(RemoteWebDriver.java:356)<br/>	at org.openqa.selenium.By$ByLinkText.findElement(By.java:241)<br/>	at org.openqa.selenium.remote.RemoteWebDriver.findElement(RemoteWebDriver.java:299)<br/>	at comcast.test.app.testCases.videoManagement.videoSearch.searchVideoByCategory.VerifySelectedCategoryAndSubCategoryVideosAreDisplayed.testVerifySelectedCategoryAndSubCategoryVideosAreDisplayed(VerifySelectedCategoryAndSubCategoryVideosAreDisplayed.java:29)<br/>Caused by: org.openqa.selenium.remote.ErrorHandler$UnknownServerException: Unable to locate element: {"method":"link text","selector":"XIDIO"}<br/>Build info: version: '2.32.0', revision: '6c40c18', time: '2013-04-09 17:22:56'<br/>System info: os.name: 'Windows 7', os.arch: 'amd64', os.version: '6.1', java.version: '1.7.0_05'<br/>Driver info: driver.version: unknown<br/>	at <anonymous class>.FirefoxDriver.prototype.findElementInternal_(file:///C:/Users/ANJUM~1.JAM/AppData/Local/Temp/anonymous7516929172771681212webdriver-profile/extensions/fxdriver@googlecode.com/components/driver_component.js:8405)<br/>	at <anonymous class>.fxdriver.Timer.prototype.setTimeout/<.notify(file:///C:/Users/ANJUM~1.JAM/AppData/Local/Temp/anonymous7516929172771681212webdriver-profile/extensions/fxdriver@googlecode.com/components/driver_component.js:386)<br/></code></td><td>52.915</td>
</tr>
<tr valign="top" class="Error">
<td><a href="comcast/test/testSuite/0_runATFRegression.html">runATFRegression</a></td><td><a name="testVerifySubcriptionOfPaidVideo"></a><a href="comcast/test/testSuite/0_runATFRegression.html#testVerifySubcriptionOfPaidVideo">testVerifySubcriptionOfPaidVideo</a></td><td>Error</td><td>Unable to locate element: {"method":"xpath","selector":"html/body/div[1]/div[3]/div/h2"} Command duration or timeout: 30.06 seconds For documentation on this error, please visit: http://seleniumhq.org/exceptions/no_such_element.html Build info: version: '2.32.0', revision: '6c40c18', time: '2013-04-09 17:22:56' System info: os.name: 'Windows 7', os.arch: 'amd64', os.version: '6.1', java.version: '1.7.0_05' Session ID: 623c6400-dafd-4c76-8ffa-31309d674e2b Driver info: org.openqa.selenium.firefox.FirefoxDriver Capabilities [{platform=XP, acceptSslCerts=true, javascriptEnabled=true, browserName=firefox, rotatable=false, locationContextEnabled=true, version=22.0, cssSelectorsEnabled=true, databaseEnabled=true, handlesAlerts=true, browserConnectionEnabled=true, nativeEvents=true, webStorageEnabled=true, applicationCacheEnabled=true, takesScreenshot=true}]<br>
<br>
<code>org.openqa.selenium.NoSuchElementException: Unable to locate element: {"method":"xpath","selector":"html/body/div[1]/div[3]/div/h2"}<br/>Command duration or timeout: 30.06 seconds<br/>For documentation on this error, please visit: http://seleniumhq.org/exceptions/no_such_element.html<br/>Build info: version: '2.32.0', revision: '6c40c18', time: '2013-04-09 17:22:56'<br/>System info: os.name: 'Windows 7', os.arch: 'amd64', os.version: '6.1', java.version: '1.7.0_05'<br/>Session ID: 623c6400-dafd-4c76-8ffa-31309d674e2b<br/>Driver info: org.openqa.selenium.firefox.FirefoxDriver<br/>Capabilities [{platform=XP, acceptSslCerts=true, javascriptEnabled=true, browserName=firefox, rotatable=false, locationContextEnabled=true, version=22.0, cssSelectorsEnabled=true, databaseEnabled=true, handlesAlerts=true, browserConnectionEnabled=true, nativeEvents=true, webStorageEnabled=true, applicationCacheEnabled=true, takesScreenshot=true}]<br/>	at java.lang.reflect.Constructor.newInstance(Constructor.java:525)<br/>	at org.openqa.selenium.remote.ErrorHandler.createThrowable(ErrorHandler.java:187)<br/>	at org.openqa.selenium.remote.ErrorHandler.throwIfResponseFailed(ErrorHandler.java:145)<br/>	at org.openqa.selenium.remote.RemoteWebDriver.execute(RemoteWebDriver.java:554)<br/>	at org.openqa.selenium.remote.RemoteWebDriver.findElement(RemoteWebDriver.java:307)<br/>	at org.openqa.selenium.remote.RemoteWebDriver.findElementByXPath(RemoteWebDriver.java:404)<br/>	at org.openqa.selenium.By$ByXPath.findElement(By.java:344)<br/>	at org.openqa.selenium.remote.RemoteWebDriver.findElement(RemoteWebDriver.java:299)<br/>	at comcast.test.app.testCases.videoManagement.videoSubscriptionManagement.paidSubscriptionForVideo.VerifySubcriptionOfPaidVideo.testVerifySubcriptionOfPaidVideo(VerifySubcriptionOfPaidVideo.java:48)<br/>Caused by: org.openqa.selenium.remote.ErrorHandler$UnknownServerException: Unable to locate element: {"method":"xpath","selector":"html/body/div[1]/div[3]/div/h2"}<br/>Build info: version: '2.32.0', revision: '6c40c18', time: '2013-04-09 17:22:56'<br/>System info: os.name: 'Windows 7', os.arch: 'amd64', os.version: '6.1', java.version: '1.7.0_05'<br/>Driver info: driver.version: unknown<br/>	at <anonymous class>.FirefoxDriver.prototype.findElementInternal_(file:///C:/Users/ANJUM~1.JAM/AppData/Local/Temp/anonymous5436985479845001637webdriver-profile/extensions/fxdriver@googlecode.com/components/driver_component.js:8405)<br/>	at <anonymous class>.fxdriver.Timer.prototype.setTimeout/<.notify(file:///C:/Users/ANJUM~1.JAM/AppData/Local/Temp/anonymous5436985479845001637webdriver-profile/extensions/fxdriver@googlecode.com/components/driver_component.js:386)<br/></code></td><td>125.264</td>
</tr>
</table>
</body>
</html>
