<html xmlns:lxslt="http://xml.apache.org/xslt" xmlns:stringutils="xalan://org.apache.tools.ant.util.StringUtils">
<head>
<META http-equiv="Content-Type" content="text/html; charset=US-ASCII">
<title>Unit Test Results: All Errors</title>
<link rel="stylesheet" type="text/css" title="Style" href="stylesheet.css">
</head>
<body onload="open('allclasses-frame.html','classListFrame')">
<h1>Unit Test Results</h1>
<table width="100%">
<tr>
<td align="left"></td><td align="right">Designed for use with <a href="http://www.junit.org/">JUnit</a> and <a href="http://ant.apache.org/">Ant</a>.</td>
</tr>
</table>
<hr size="1">
<h2>All Errors</h2>
<table class="details" border="0" cellpadding="5" cellspacing="2" width="95%">
<tr valign="top">
<th>Class</th><th>Name</th><th>Status</th><th width="80%">Type</th><th nowrap>Time(s)</th>
</tr>
<tr valign="top" class="Error">
<td><a href="comcast/test/testSuite/0_runATFRegression.html">runATFRegression</a></td><td><a name="testEditXidioLastNameInProfileManagement"></a><a href="comcast/test/testSuite/0_runATFRegression.html#testEditXidioLastNameInProfileManagement">testEditXidioLastNameInProfileManagement</a></td><td>Error</td><td>expected:&lt;[X]idio&gt; but was:&lt;[x]idio&gt;<br>
<br>
<code>	at comcast.test.app.testCases.userManagement.profileManagement.RegisteredUserTestCasesForEditProfileDetails.ValidateLastNameField.EditXidioLastNameInProfileManagement.testEditXidioLastNameInProfileManagement(EditXidioLastNameInProfileManagement.java:54)<br/></code></td><td>91.018</td>
</tr>
<tr valign="top" class="Error">
<td><a href="comcast/test/testSuite/0_runATFRegression.html">runATFRegression</a></td><td><a name="testEditXidioUserMobileNumber"></a><a href="comcast/test/testSuite/0_runATFRegression.html#testEditXidioUserMobileNumber">testEditXidioUserMobileNumber</a></td><td>Error</td><td>expected:&lt;998[3998474]&gt; but was:&lt;998[6064497]&gt;<br>
<br>
<code>	at comcast.test.app.testCases.userManagement.profileManagement.RegisteredUserTestCasesForEditProfileDetails.ValidateMobileNumberField.ExitXidioUserMobileNumber.testEditXidioUserMobileNumber(ExitXidioUserMobileNumber.java:52)<br/></code></td><td>85.402</td>
</tr>
<tr valign="top" class="Error">
<td><a href="comcast/test/testSuite/0_runATFRegression.html">runATFRegression</a></td><td><a name="testUserProfileChanges"></a><a href="comcast/test/testSuite/0_runATFRegression.html#testUserProfileChanges">testUserProfileChanges</a></td><td>Error</td><td>Unable to locate element: {"method":"name","selector":"old_password"} Command duration or timeout: 30.09 seconds For documentation on this error, please visit: http://seleniumhq.org/exceptions/no_such_element.html Build info: version: '2.32.0', revision: '6c40c18', time: '2013-04-09 17:22:56' System info: os.name: 'Windows 7', os.arch: 'amd64', os.version: '6.1', java.version: '1.7.0_05' Session ID: 7456c55b-146f-4f81-8579-a70f8987e257 Driver info: org.openqa.selenium.firefox.FirefoxDriver Capabilities [{platform=XP, acceptSslCerts=true, javascriptEnabled=true, browserName=firefox, rotatable=false, locationContextEnabled=true, version=22.0, cssSelectorsEnabled=true, databaseEnabled=true, handlesAlerts=true, browserConnectionEnabled=true, nativeEvents=true, webStorageEnabled=true, applicationCacheEnabled=true, takesScreenshot=true}]<br>
<br>
<code>org.openqa.selenium.NoSuchElementException: Unable to locate element: {"method":"name","selector":"old_password"}<br/>Command duration or timeout: 30.09 seconds<br/>For documentation on this error, please visit: http://seleniumhq.org/exceptions/no_such_element.html<br/>Build info: version: '2.32.0', revision: '6c40c18', time: '2013-04-09 17:22:56'<br/>System info: os.name: 'Windows 7', os.arch: 'amd64', os.version: '6.1', java.version: '1.7.0_05'<br/>Session ID: 7456c55b-146f-4f81-8579-a70f8987e257<br/>Driver info: org.openqa.selenium.firefox.FirefoxDriver<br/>Capabilities [{platform=XP, acceptSslCerts=true, javascriptEnabled=true, browserName=firefox, rotatable=false, locationContextEnabled=true, version=22.0, cssSelectorsEnabled=true, databaseEnabled=true, handlesAlerts=true, browserConnectionEnabled=true, nativeEvents=true, webStorageEnabled=true, applicationCacheEnabled=true, takesScreenshot=true}]<br/>	at java.lang.reflect.Constructor.newInstance(Constructor.java:525)<br/>	at org.openqa.selenium.remote.ErrorHandler.createThrowable(ErrorHandler.java:187)<br/>	at org.openqa.selenium.remote.ErrorHandler.throwIfResponseFailed(ErrorHandler.java:145)<br/>	at org.openqa.selenium.remote.RemoteWebDriver.execute(RemoteWebDriver.java:554)<br/>	at org.openqa.selenium.remote.RemoteWebDriver.findElement(RemoteWebDriver.java:307)<br/>	at org.openqa.selenium.remote.RemoteWebDriver.findElementByName(RemoteWebDriver.java:380)<br/>	at org.openqa.selenium.By$ByName.findElement(By.java:292)<br/>	at org.openqa.selenium.remote.RemoteWebDriver.findElement(RemoteWebDriver.java:299)<br/>	at comcast.test.app.common.userManagement.userLogin.common.UserLoginFunctions.ChangePassword(UserLoginFunctions.java:48)<br/>	at comcast.test.app.common.helpHeaderFooterLinks.userRegTestCasesForHelpLink.VerifyHelpLink.testUserProfileChanges(VerifyHelpLink.java:38)<br/>Caused by: org.openqa.selenium.remote.ErrorHandler$UnknownServerException: Unable to locate element: {"method":"name","selector":"old_password"}<br/>Build info: version: '2.32.0', revision: '6c40c18', time: '2013-04-09 17:22:56'<br/>System info: os.name: 'Windows 7', os.arch: 'amd64', os.version: '6.1', java.version: '1.7.0_05'<br/>Driver info: driver.version: unknown<br/>	at <anonymous class>.FirefoxDriver.prototype.findElementInternal_(file:///C:/Users/ANJUM~1.JAM/AppData/Local/Temp/anonymous831177344311145871webdriver-profile/extensions/fxdriver@googlecode.com/components/driver_component.js:8405)<br/>	at <anonymous class>.fxdriver.Timer.prototype.setTimeout/<.notify(file:///C:/Users/ANJUM~1.JAM/AppData/Local/Temp/anonymous831177344311145871webdriver-profile/extensions/fxdriver@googlecode.com/components/driver_component.js:386)<br/></code></td><td>93.081</td>
</tr>
<tr valign="top" class="Error">
<td><a href="comcast/test/testSuite/0_runATFRegression.html">runATFRegression</a></td><td><a name="testVerifyFeedbackSubmitedSuccessfully"></a><a href="comcast/test/testSuite/0_runATFRegression.html#testVerifyFeedbackSubmitedSuccessfully">testVerifyFeedbackSubmitedSuccessfully</a></td><td>Error</td><td>Unable to locate element: {"method":"css selector","selector":"img[alt=\"Ocean Life\"]"} Command duration or timeout: 30.16 seconds For documentation on this error, please visit: http://seleniumhq.org/exceptions/no_such_element.html Build info: version: '2.32.0', revision: '6c40c18', time: '2013-04-09 17:22:56' System info: os.name: 'Windows 7', os.arch: 'amd64', os.version: '6.1', java.version: '1.7.0_05' Session ID: e821dbc5-9028-4789-909b-906119b4db94 Driver info: org.openqa.selenium.firefox.FirefoxDriver Capabilities [{platform=XP, acceptSslCerts=true, javascriptEnabled=true, browserName=firefox, rotatable=false, locationContextEnabled=true, version=22.0, cssSelectorsEnabled=true, databaseEnabled=true, handlesAlerts=true, browserConnectionEnabled=true, nativeEvents=true, webStorageEnabled=true, applicationCacheEnabled=true, takesScreenshot=true}]<br>
<br>
<code>org.openqa.selenium.NoSuchElementException: Unable to locate element: {"method":"css selector","selector":"img[alt=\"Ocean Life\"]"}<br/>Command duration or timeout: 30.16 seconds<br/>For documentation on this error, please visit: http://seleniumhq.org/exceptions/no_such_element.html<br/>Build info: version: '2.32.0', revision: '6c40c18', time: '2013-04-09 17:22:56'<br/>System info: os.name: 'Windows 7', os.arch: 'amd64', os.version: '6.1', java.version: '1.7.0_05'<br/>Session ID: e821dbc5-9028-4789-909b-906119b4db94<br/>Driver info: org.openqa.selenium.firefox.FirefoxDriver<br/>Capabilities [{platform=XP, acceptSslCerts=true, javascriptEnabled=true, browserName=firefox, rotatable=false, locationContextEnabled=true, version=22.0, cssSelectorsEnabled=true, databaseEnabled=true, handlesAlerts=true, browserConnectionEnabled=true, nativeEvents=true, webStorageEnabled=true, applicationCacheEnabled=true, takesScreenshot=true}]<br/>	at java.lang.reflect.Constructor.newInstance(Constructor.java:525)<br/>	at org.openqa.selenium.remote.ErrorHandler.createThrowable(ErrorHandler.java:187)<br/>	at org.openqa.selenium.remote.ErrorHandler.throwIfResponseFailed(ErrorHandler.java:145)<br/>	at org.openqa.selenium.remote.RemoteWebDriver.execute(RemoteWebDriver.java:554)<br/>	at org.openqa.selenium.remote.RemoteWebDriver.findElement(RemoteWebDriver.java:307)<br/>	at org.openqa.selenium.remote.RemoteWebDriver.findElementByCssSelector(RemoteWebDriver.java:396)<br/>	at org.openqa.selenium.By$ByCssSelector.findElement(By.java:407)<br/>	at org.openqa.selenium.remote.RemoteWebDriver.findElement(RemoteWebDriver.java:299)<br/>	at comcast.test.app.testCases.videoManagement.videoFeedBackManagement.VerifyFeedbackSubmitedSuccessfully.testVerifyFeedbackSubmitedSuccessfully(VerifyFeedbackSubmitedSuccessfully.java:39)<br/>Caused by: org.openqa.selenium.remote.ErrorHandler$UnknownServerException: Unable to locate element: {"method":"css selector","selector":"img[alt=\"Ocean Life\"]"}<br/>Build info: version: '2.32.0', revision: '6c40c18', time: '2013-04-09 17:22:56'<br/>System info: os.name: 'Windows 7', os.arch: 'amd64', os.version: '6.1', java.version: '1.7.0_05'<br/>Driver info: driver.version: unknown<br/>	at <anonymous class>.FirefoxDriver.prototype.findElementInternal_(file:///C:/Users/ANJUM~1.JAM/AppData/Local/Temp/anonymous6312697890393591741webdriver-profile/extensions/fxdriver@googlecode.com/components/driver_component.js:8405)<br/>	at <anonymous class>.fxdriver.Timer.prototype.setTimeout/<.notify(file:///C:/Users/ANJUM~1.JAM/AppData/Local/Temp/anonymous6312697890393591741webdriver-profile/extensions/fxdriver@googlecode.com/components/driver_component.js:386)<br/></code></td><td>113.687</td>
</tr>
<tr valign="top" class="Error">
<td><a href="comcast/test/testSuite/0_runATFRegression.html">runATFRegression</a></td><td><a name="testVerifySelectedCategoryAndSubCategoryVideosAreDisplayed"></a><a href="comcast/test/testSuite/0_runATFRegression.html#testVerifySelectedCategoryAndSubCategoryVideosAreDisplayed">testVerifySelectedCategoryAndSubCategoryVideosAreDisplayed</a></td><td>Error</td><td>Unable to locate element: {"method":"link text","selector":"XIDIO"} Command duration or timeout: 30.17 seconds For documentation on this error, please visit: http://seleniumhq.org/exceptions/no_such_element.html Build info: version: '2.32.0', revision: '6c40c18', time: '2013-04-09 17:22:56' System info: os.name: 'Windows 7', os.arch: 'amd64', os.version: '6.1', java.version: '1.7.0_05' Session ID: fe7c39b6-409a-4053-a1fa-57a50ce3d428 Driver info: org.openqa.selenium.firefox.FirefoxDriver Capabilities [{platform=XP, acceptSslCerts=true, javascriptEnabled=true, browserName=firefox, rotatable=false, locationContextEnabled=true, version=22.0, cssSelectorsEnabled=true, databaseEnabled=true, handlesAlerts=true, browserConnectionEnabled=true, nativeEvents=true, webStorageEnabled=true, applicationCacheEnabled=true, takesScreenshot=true}]<br>
<br>
<code>org.openqa.selenium.NoSuchElementException: Unable to locate element: {"method":"link text","selector":"XIDIO"}<br/>Command duration or timeout: 30.17 seconds<br/>For documentation on this error, please visit: http://seleniumhq.org/exceptions/no_such_element.html<br/>Build info: version: '2.32.0', revision: '6c40c18', time: '2013-04-09 17:22:56'<br/>System info: os.name: 'Windows 7', os.arch: 'amd64', os.version: '6.1', java.version: '1.7.0_05'<br/>Session ID: fe7c39b6-409a-4053-a1fa-57a50ce3d428<br/>Driver info: org.openqa.selenium.firefox.FirefoxDriver<br/>Capabilities [{platform=XP, acceptSslCerts=true, javascriptEnabled=true, browserName=firefox, rotatable=false, locationContextEnabled=true, version=22.0, cssSelectorsEnabled=true, databaseEnabled=true, handlesAlerts=true, browserConnectionEnabled=true, nativeEvents=true, webStorageEnabled=true, applicationCacheEnabled=true, takesScreenshot=true}]<br/>	at java.lang.reflect.Constructor.newInstance(Constructor.java:525)<br/>	at org.openqa.selenium.remote.ErrorHandler.createThrowable(ErrorHandler.java:187)<br/>	at org.openqa.selenium.remote.ErrorHandler.throwIfResponseFailed(ErrorHandler.java:145)<br/>	at org.openqa.selenium.remote.RemoteWebDriver.execute(RemoteWebDriver.java:554)<br/>	at org.openqa.selenium.remote.RemoteWebDriver.findElement(RemoteWebDriver.java:307)<br/>	at org.openqa.selenium.remote.RemoteWebDriver.findElementByLinkText(RemoteWebDriver.java:356)<br/>	at org.openqa.selenium.By$ByLinkText.findElement(By.java:241)<br/>	at org.openqa.selenium.remote.RemoteWebDriver.findElement(RemoteWebDriver.java:299)<br/>	at comcast.test.app.testCases.videoManagement.videoSearch.searchVideoByCategory.VerifySelectedCategoryAndSubCategoryVideosAreDisplayed.testVerifySelectedCategoryAndSubCategoryVideosAreDisplayed(VerifySelectedCategoryAndSubCategoryVideosAreDisplayed.java:29)<br/>Caused by: org.openqa.selenium.remote.ErrorHandler$UnknownServerException: Unable to locate element: {"method":"link text","selector":"XIDIO"}<br/>Build info: version: '2.32.0', revision: '6c40c18', time: '2013-04-09 17:22:56'<br/>System info: os.name: 'Windows 7', os.arch: 'amd64', os.version: '6.1', java.version: '1.7.0_05'<br/>Driver info: driver.version: unknown<br/>	at <anonymous class>.FirefoxDriver.prototype.findElementInternal_(file:///C:/Users/ANJUM~1.JAM/AppData/Local/Temp/anonymous7516929172771681212webdriver-profile/extensions/fxdriver@googlecode.com/components/driver_component.js:8405)<br/>	at <anonymous class>.fxdriver.Timer.prototype.setTimeout/<.notify(file:///C:/Users/ANJUM~1.JAM/AppData/Local/Temp/anonymous7516929172771681212webdriver-profile/extensions/fxdriver@googlecode.com/components/driver_component.js:386)<br/></code></td><td>52.915</td>
</tr>
<tr valign="top" class="Error">
<td><a href="comcast/test/testSuite/0_runATFRegression.html">runATFRegression</a></td><td><a name="testVerifySubcriptionOfPaidVideo"></a><a href="comcast/test/testSuite/0_runATFRegression.html#testVerifySubcriptionOfPaidVideo">testVerifySubcriptionOfPaidVideo</a></td><td>Error</td><td>Unable to locate element: {"method":"xpath","selector":"html/body/div[1]/div[3]/div/h2"} Command duration or timeout: 30.06 seconds For documentation on this error, please visit: http://seleniumhq.org/exceptions/no_such_element.html Build info: version: '2.32.0', revision: '6c40c18', time: '2013-04-09 17:22:56' System info: os.name: 'Windows 7', os.arch: 'amd64', os.version: '6.1', java.version: '1.7.0_05' Session ID: 623c6400-dafd-4c76-8ffa-31309d674e2b Driver info: org.openqa.selenium.firefox.FirefoxDriver Capabilities [{platform=XP, acceptSslCerts=true, javascriptEnabled=true, browserName=firefox, rotatable=false, locationContextEnabled=true, version=22.0, cssSelectorsEnabled=true, databaseEnabled=true, handlesAlerts=true, browserConnectionEnabled=true, nativeEvents=true, webStorageEnabled=true, applicationCacheEnabled=true, takesScreenshot=true}]<br>
<br>
<code>org.openqa.selenium.NoSuchElementException: Unable to locate element: {"method":"xpath","selector":"html/body/div[1]/div[3]/div/h2"}<br/>Command duration or timeout: 30.06 seconds<br/>For documentation on this error, please visit: http://seleniumhq.org/exceptions/no_such_element.html<br/>Build info: version: '2.32.0', revision: '6c40c18', time: '2013-04-09 17:22:56'<br/>System info: os.name: 'Windows 7', os.arch: 'amd64', os.version: '6.1', java.version: '1.7.0_05'<br/>Session ID: 623c6400-dafd-4c76-8ffa-31309d674e2b<br/>Driver info: org.openqa.selenium.firefox.FirefoxDriver<br/>Capabilities [{platform=XP, acceptSslCerts=true, javascriptEnabled=true, browserName=firefox, rotatable=false, locationContextEnabled=true, version=22.0, cssSelectorsEnabled=true, databaseEnabled=true, handlesAlerts=true, browserConnectionEnabled=true, nativeEvents=true, webStorageEnabled=true, applicationCacheEnabled=true, takesScreenshot=true}]<br/>	at java.lang.reflect.Constructor.newInstance(Constructor.java:525)<br/>	at org.openqa.selenium.remote.ErrorHandler.createThrowable(ErrorHandler.java:187)<br/>	at org.openqa.selenium.remote.ErrorHandler.throwIfResponseFailed(ErrorHandler.java:145)<br/>	at org.openqa.selenium.remote.RemoteWebDriver.execute(RemoteWebDriver.java:554)<br/>	at org.openqa.selenium.remote.RemoteWebDriver.findElement(RemoteWebDriver.java:307)<br/>	at org.openqa.selenium.remote.RemoteWebDriver.findElementByXPath(RemoteWebDriver.java:404)<br/>	at org.openqa.selenium.By$ByXPath.findElement(By.java:344)<br/>	at org.openqa.selenium.remote.RemoteWebDriver.findElement(RemoteWebDriver.java:299)<br/>	at comcast.test.app.testCases.videoManagement.videoSubscriptionManagement.paidSubscriptionForVideo.VerifySubcriptionOfPaidVideo.testVerifySubcriptionOfPaidVideo(VerifySubcriptionOfPaidVideo.java:48)<br/>Caused by: org.openqa.selenium.remote.ErrorHandler$UnknownServerException: Unable to locate element: {"method":"xpath","selector":"html/body/div[1]/div[3]/div/h2"}<br/>Build info: version: '2.32.0', revision: '6c40c18', time: '2013-04-09 17:22:56'<br/>System info: os.name: 'Windows 7', os.arch: 'amd64', os.version: '6.1', java.version: '1.7.0_05'<br/>Driver info: driver.version: unknown<br/>	at <anonymous class>.FirefoxDriver.prototype.findElementInternal_(file:///C:/Users/ANJUM~1.JAM/AppData/Local/Temp/anonymous5436985479845001637webdriver-profile/extensions/fxdriver@googlecode.com/components/driver_component.js:8405)<br/>	at <anonymous class>.fxdriver.Timer.prototype.setTimeout/<.notify(file:///C:/Users/ANJUM~1.JAM/AppData/Local/Temp/anonymous5436985479845001637webdriver-profile/extensions/fxdriver@googlecode.com/components/driver_component.js:386)<br/></code></td><td>125.264</td>
</tr>
</table>
</body>
</html>
